#
# A fatal error has been detected by the Java Runtime Environment:
#
#  EXCEPTION_ACCESS_VIOLATION (0xc0000005) at pc=0x19974957, pid=7876, tid=7928
#
# JRE version: 7.0_02-b13
# Java VM: Java HotSpot(TM) Client VM (22.0-b10 mixed mode windows-x86 )
# Problematic frame:
# C  [JNIinterface.dll+0x54957]
#
# Failed to write core dump. Minidumps are not enabled by default on client versions of Windows
#
# If you would like to submit a bug report, please visit:
#   http://bugreport.sun.com/bugreport/crash.jsp
# The crash happened outside the Java Virtual Machine in native code.
# See problematic frame for where to report the bug.
#

---------------  T H R E A D  ---------------

Current thread (0x00dac800):  JavaThread "main" [_thread_in_native, id=7928, stack(0x00ce0000,0x00d30000)]

siginfo: ExceptionCode=0xc0000005, reading address 0x00000024

Registers:
EAX=0x00000024, EBX=0x14b82ba0, ECX=0x7fffffff, EDX=0x7ffffffe
ESP=0x00d2f160, EBP=0x00d2f480, ESI=0x14b82ba0, EDI=0x00d2f5dc
EIP=0x19974957, EFLAGS=0x00010206

Top of Stack: (sp=0x00d2f160)
0x00d2f160:   00d2f2bc 6d170000 7fffffff 00000032
0x00d2f170:   00000100 6d170100 00000007 00000008
0x00d2f180:   00000001 18881698 18881698 00d2f2bc
0x00d2f190:   00000000 00000000 6d170000 6d170000
0x00d2f1a0:   00000000 00d2f226 6d170100 00d2f148
0x00d2f1b0:   00d2f224 00d2f270 777a71d5 00c01c63
0x00d2f1c0:   fffffffe 777601bb 7776030a 003d8938
0x00d2f1d0:   00d2f226 00000000 00d2f224 003d9238 

Instructions: (pc=0x19974957)
0x19974937:   ff 8b 8d 6c fd ff ff 8b 95 6c fd ff ff 83 ea 01
0x19974947:   89 95 6c fd ff ff 85 c9 74 1e 8b 85 70 fd ff ff
0x19974957:   0f be 08 85 c9 74 11 8b 95 70 fd ff ff 83 c2 01
0x19974967:   89 95 70 fd ff ff eb c9 8b 85 70 fd ff ff 2b 45 


Register to memory mapping:

EAX=0x00000024 is an unknown value
EBX=0x14b82ba0 is an oop
{method} 
 - klass: {other class}
ECX=0x7fffffff is an unknown value
EDX=0x7ffffffe is an unknown value
ESP=0x00d2f160 is pointing into the stack for thread: 0x00dac800
EBP=0x00d2f480 is pointing into the stack for thread: 0x00dac800
ESI=0x14b82ba0 is an oop
{method} 
 - klass: {other class}
EDI=0x00d2f5dc is pointing into the stack for thread: 0x00dac800


Stack: [0x00ce0000,0x00d30000],  sp=0x00d2f160,  free space=316k
Native frames: (J=compiled Java code, j=interpreted, Vv=VM code, C=native code)
C  [JNIinterface.dll+0x54957]  Java_com_sri_straylight_socketserver_JNIinterface_cleanup+0x1ebfc
C  [JNIinterface.dll+0x48f02]  Java_com_sri_straylight_socketserver_JNIinterface_cleanup+0x131a7
C  [JNIinterface.dll+0x380f8]  Java_com_sri_straylight_socketserver_JNIinterface_cleanup+0x239d
C  [JNIinterface.dll+0x381db]  Java_com_sri_straylight_socketserver_JNIinterface_cleanup+0x2480
j  com.sri.straylight.socketserver.JNIinterface.load(Ljava/lang/String;)Ljava/lang/String;+0
j  com.sri.straylight.socketserver.FMU.load()V+8
j  com.sri.straylight.socketserver.Main.test()V+25
j  com.sri.straylight.socketserver.Main.main([Ljava/lang/String;)V+6
v  ~StubRoutines::call_stub
V  [jvm.dll+0x123c0a]
V  [jvm.dll+0x1c9e8e]
V  [jvm.dll+0x123c8d]
V  [jvm.dll+0xa92d4]
V  [jvm.dll+0xb3657]
C  [javaw.exe+0x1fe5]
C  [javaw.exe+0xa0cb]
C  [javaw.exe+0xa155]
C  [kernel32.dll+0x1339a]  BaseThreadInitThunk+0x12
C  [ntdll.dll+0x39ef2]  RtlInitializeExceptionChain+0x63
C  [ntdll.dll+0x39ec5]  RtlInitializeExceptionChain+0x36

Java frames: (J=compiled Java code, j=interpreted, Vv=VM code)
j  com.sri.straylight.socketserver.JNIinterface.load(Ljava/lang/String;)Ljava/lang/String;+0
j  com.sri.straylight.socketserver.FMU.load()V+8
j  com.sri.straylight.socketserver.Main.test()V+25
j  com.sri.straylight.socketserver.Main.main([Ljava/lang/String;)V+6
v  ~StubRoutines::call_stub

---------------  P R O C E S S  ---------------

Java Threads: ( => current thread )
  0x01006400 JavaThread "Service Thread" daemon [_thread_blocked, id=8012, stack(0x19330000,0x19380000)]
  0x01003800 JavaThread "C1 CompilerThread0" daemon [_thread_blocked, id=8008, stack(0x19440000,0x19490000)]
  0x00ff5800 JavaThread "JDWP Command Reader" daemon [_thread_in_native, id=7984, stack(0x19390000,0x193e0000)]
  0x00ff4400 JavaThread "JDWP Event Helper Thread" daemon [_thread_blocked, id=7980, stack(0x192a0000,0x192f0000)]
  0x00feb000 JavaThread "JDWP Transport Listener: dt_socket" daemon [_thread_blocked, id=7976, stack(0x189b0000,0x18a00000)]
  0x00fe3800 JavaThread "Attach Listener" daemon [_thread_blocked, id=7948, stack(0x18a40000,0x18a90000)]
  0x00fe0400 JavaThread "Signal Dispatcher" daemon [_thread_blocked, id=7944, stack(0x18890000,0x188e0000)]
  0x00f87c00 JavaThread "Finalizer" daemon [_thread_blocked, id=7940, stack(0x01360000,0x013b0000)]
  0x00f82000 JavaThread "Reference Handler" daemon [_thread_blocked, id=7936, stack(0x01210000,0x01260000)]
=>0x00dac800 JavaThread "main" [_thread_in_native, id=7928, stack(0x00ce0000,0x00d30000)]

Other Threads:
  0x00f7ec00 VMThread [stack: 0x01290000,0x012e0000] [id=7932]
  0x01017400 WatcherThread [stack: 0x194d0000,0x19520000] [id=8016]

VM state:not at safepoint (normal execution)

VM Mutex/Monitor currently owned by a thread: None

Heap
 def new generation   total 4928K, used 1964K [0x04810000, 0x04d60000, 0x09d60000)
  eden space 4416K,  32% used [0x04810000, 0x0497c228, 0x04c60000)
  from space 512K,  99% used [0x04c60000, 0x04cdef08, 0x04ce0000)
  to   space 512K,   0% used [0x04ce0000, 0x04ce0000, 0x04d60000)
 tenured generation   total 10944K, used 954K [0x09d60000, 0x0a810000, 0x14810000)
   the space 10944K,   8% used [0x09d60000, 0x09e4e8b0, 0x09e4ea00, 0x0a810000)
 compacting perm gen  total 12288K, used 3569K [0x14810000, 0x15410000, 0x18810000)
   the space 12288K,  29% used [0x14810000, 0x14b8c428, 0x14b8c600, 0x15410000)
No shared spaces configured.

Code Cache  [0x02810000, 0x028e0000, 0x04810000)
 total_blobs=266 nmethods=127 adapters=83 free_code_cache=31960Kb largest_free_block=32725056

Dynamic libraries:
0x013e0000 - 0x0140f000 	C:\Program Files (x86)\Java\jdk1.7.0_02\bin\javaw.exe
0x77730000 - 0x778b0000 	C:\Windows\SysWOW64\ntdll.dll
0x77060000 - 0x77170000 	C:\Windows\syswow64\kernel32.dll
0x76d90000 - 0x76dd6000 	C:\Windows\syswow64\KERNELBASE.dll
0x756d0000 - 0x75770000 	C:\Windows\syswow64\ADVAPI32.dll
0x77280000 - 0x7732c000 	C:\Windows\syswow64\msvcrt.dll
0x75650000 - 0x75669000 	C:\Windows\SysWOW64\sechost.dll
0x76c00000 - 0x76cf0000 	C:\Windows\syswow64\RPCRT4.dll
0x75290000 - 0x752f0000 	C:\Windows\syswow64\SspiCli.dll
0x75280000 - 0x7528c000 	C:\Windows\syswow64\CRYPTBASE.dll
0x75550000 - 0x75650000 	C:\Windows\syswow64\USER32.dll
0x75a10000 - 0x75aa0000 	C:\Windows\syswow64\GDI32.dll
0x77700000 - 0x7770a000 	C:\Windows\syswow64\LPK.dll
0x76fc0000 - 0x7705d000 	C:\Windows\syswow64\USP10.dll
0x72010000 - 0x721ae000 	C:\Windows\WinSxS\x86_microsoft.windows.common-controls_6595b64144ccf1df_6.0.7601.17514_none_41e6975e2bd6f2b2\COMCTL32.dll
0x77220000 - 0x77277000 	C:\Windows\syswow64\SHLWAPI.dll
0x752f0000 - 0x75350000 	C:\Windows\system32\IMM32.DLL
0x75aa0000 - 0x75b6c000 	C:\Windows\syswow64\MSCTF.dll
0x783b0000 - 0x7846e000 	C:\Program Files (x86)\Java\jdk1.7.0_02\jre\bin\msvcr100.dll
0x6ca70000 - 0x6cd98000 	C:\Program Files (x86)\Java\jdk1.7.0_02\jre\bin\client\jvm.dll
0x73410000 - 0x73417000 	C:\Windows\system32\WSOCK32.dll
0x76f80000 - 0x76fb5000 	C:\Windows\syswow64\WS2_32.dll
0x75670000 - 0x75676000 	C:\Windows\syswow64\NSI.dll
0x731c0000 - 0x731f2000 	C:\Windows\system32\WINMM.dll
0x75b70000 - 0x75b75000 	C:\Windows\syswow64\PSAPI.DLL
0x6d080000 - 0x6d08c000 	C:\Program Files (x86)\Java\jdk1.7.0_02\jre\bin\verify.dll
0x00180000 - 0x001a0000 	C:\Program Files (x86)\Java\jdk1.7.0_02\jre\bin\java.dll
0x6d350000 - 0x6d37a000 	C:\Program Files (x86)\Java\jdk1.7.0_02\jre\bin\jdwp.dll
0x6d5c0000 - 0x6d5c7000 	C:\Program Files (x86)\Java\jdk1.7.0_02\jre\bin\npt.dll
0x6d170000 - 0x6d183000 	C:\Program Files (x86)\Java\jdk1.7.0_02\jre\bin\zip.dll
0x6c810000 - 0x6c818000 	C:\Program Files (x86)\Java\jdk1.7.0_02\jre\bin\dt_socket.dll
0x72ca0000 - 0x72cb0000 	C:\Windows\system32\NLAapi.dll
0x72c90000 - 0x72ca0000 	C:\Windows\system32\napinsp.dll
0x72c70000 - 0x72c82000 	C:\Windows\system32\pnrpnsp.dll
0x72c40000 - 0x72c64000 	C:\Program Files (x86)\Common Files\Microsoft Shared\Windows Live\WLIDNSP.DLL
0x72c10000 - 0x72c35000 	C:\Program Files (x86)\Bonjour\mdnsNSP.dll
0x72e00000 - 0x72e1c000 	C:\Windows\system32\Iphlpapi.DLL
0x72df0000 - 0x72df7000 	C:\Windows\system32\WINNSI.DLL
0x72f20000 - 0x72f5c000 	C:\Windows\System32\mswsock.dll
0x72ce0000 - 0x72d24000 	C:\Windows\system32\DNSAPI.dll
0x72c00000 - 0x72c08000 	C:\Windows\System32\winrnr.dll
0x72bc0000 - 0x72bf8000 	C:\Windows\System32\fwpuclnt.dll
0x72bb0000 - 0x72bb6000 	C:\Windows\system32\rasadhlp.dll
0x72f10000 - 0x72f15000 	C:\Windows\System32\wshtcpip.dll
0x6d310000 - 0x6d324000 	C:\Program Files (x86)\Java\jdk1.7.0_02\jre\bin\net.dll
0x72d30000 - 0x72d36000 	C:\Windows\System32\wship6.dll
0x00490000 - 0x0049f000 	C:\Program Files (x86)\Java\jdk1.7.0_02\jre\bin\nio.dll
0x19920000 - 0x199e2000 	E:\SRI\straylight_repo\eclipseWorkspace\StrayLight\SocketServer\JNIinterface.dll
0x18e50000 - 0x18ed4000 	E:\SRI\straylight_repo\eclipseWorkspace\StrayLight\socketserver\FMUwrapper.dll
0x199f0000 - 0x19a6d000 	E:\SRI\straylight_repo\eclipseWorkspace\StrayLight\socketserver\expat.dll

VM Arguments:
jvm_args: -agentlib:jdwp=transport=dt_socket,suspend=y,address=localhost:54845 -Dfile.encoding=UTF-8 
java_command: com.sri.straylight.socketserver.Main
Launcher Type: SUN_STANDARD

Environment Variables:
JAVA_HOME=C:\Program Files (x86)\Java\jdk1.7.0_03
CLASSPATH=.;C:\Program Files (x86)\Java\jre6\lib\ext\QTJava.zip
PATH=C:\Program Files (x86)\Java\jdk1.7.0_02\jre\bin;C:\Windows\system32;C:\Windows;C:\Windows\System32\Wbem;C:\Windows\System32\WindowsPowerShell\v1.0\;C:\Program Files (x86)\TortoiseHg\;c:\ant\bin;C:\Program Files\TortoiseSVN\bin;C:\Program Files (x86)\Microsoft SQL Server\100\Tools\Binn\VSShell\Common7\IDE\;C:\Program Files\Apache Software Foundation\apache-maven-3.0.3\bin;C:\Program Files (x86)\Java\jdk1.7.0_03\bin;C:\Program Files\EmEditor;C:\Program Files\TortoiseGit\bin;C:\Users\raj\AppData\Roaming\Python\Scripts;C:\python\ActiveStatePython27;C:\python\ActiveStatePython27\Scripts;C:\MinGW\bin;C:\Program Files (x86)\Microsoft Visual Studio 10.0\VC\bin;C:\Program Files (x86)\Microsoft Visual Studio 10.0\Common7\IDE
USERNAME=raj
OS=Windows_NT
PROCESSOR_IDENTIFIER=Intel64 Family 6 Model 26 Stepping 4, GenuineIntel



---------------  S Y S T E M  ---------------

OS: Windows 7 , 64 bit Build 7601 Service Pack 1

CPU:total 8 (4 cores per cpu, 2 threads per core) family 6 model 26 stepping 4, cmov, cx8, fxsr, mmx, sse, sse2, sse3, ssse3, sse4.1, sse4.2, popcnt, ht

Memory: 4k page, physical 6282328k(1216128k free), swap 24989136k(19424256k free)

vm_info: Java HotSpot(TM) Client VM (22.0-b10) for windows-x86 JRE (1.7.0_02-b13), built on Nov 17 2011 17:17:32 by "java_re" with unknown MS VC++:1600

time: Thu Mar 22 08:47:39 2012
elapsed time: 8 seconds

