#
# A fatal error has been detected by the Java Runtime Environment:
#
#  EXCEPTION_STACK_OVERFLOW (0xc00000fd) at pc=0x1e11b367, pid=4956, tid=1112
#
# JRE version: 7.0_03-b05
# Java VM: Java HotSpot(TM) Client VM (22.1-b02 mixed mode windows-x86 )
# Problematic frame:
# C  [LearnGB_VAVReheat_ClosedLoop.dll+0x4ab367]
#
# Failed to write core dump. Minidumps are not enabled by default on client versions of Windows
#
# If you would like to submit a bug report, please visit:
#   http://bugreport.sun.com/bugreport/crash.jsp
# The crash happened outside the Java Virtual Machine in native code.
# See problematic frame for where to report the bug.
#

---------------  T H R E A D  ---------------

Current thread (0x00a5cc00):  JavaThread "main" [_thread_in_native, id=1112, stack(0x00c10000,0x00c60000)]

siginfo: ExceptionCode=0xc00000fd, ExceptionInformation=0x00000000 0x00c10000 

Registers:
EAX=0x00c10000, EBX=0x1bfb44b8, ECX=0x00c10c88, EDX=0x00c5edbc
ESP=0x00c11dd0, EBP=0x00c11dd8, ESI=0x00c183a0, EDI=0x1ee674f8
EIP=0x1e11b367, EFLAGS=0x00010206

Top of Stack: (sp=0x00c11dd0)
0x00c11dd0:   1bfb4520 1dfcee7d 00c13484 1dfcee51
0x00c11de0:   00c5edbc 1bfb4520 1bfb4518 1b3fc860
0x00c11df0:   00000000 1ccf9118 1c059310 00000000
0x00c11e00:   00000000 19f63f10 19cc7d30 1cdf2fb0
0x00c11e10:   1a0f78f8 1cd4d750 1ccbe4c0 00000000
0x00c11e20:   00c5edb8 16505aac 3ee52fc1 2a1f4134
0x00c11e30:   3f8dcf43 16505aac 3ee52fc1 c385b2b5
0x00c11e40:   40f82a91 491619fb 3fe62518 8f49a960 

Instructions: (pc=0x1e11b367)
0x1e11b347:   1b c0 f7 d0 23 c8 8b c4 25 00 f0 ff ff 3b c8 72
0x1e11b357:   0a 8b c1 59 94 8b 00 89 04 24 c3 2d 00 10 00 00
0x1e11b367:   85 00 eb e9 cc ff 25 d4 d2 11 1e ff 25 d0 d2 11
0x1e11b377:   1e 8b ff 56 68 80 00 00 00 ff 15 c4 d1 11 1e 59 


Register to memory mapping:

EAX=0x00c10000 is an unknown value
EBX=0x1bfb44b8 is an unknown value
ECX=0x00c10c88 is pointing into the stack for thread: 0x00a5cc00
EDX=0x00c5edbc is pointing into the stack for thread: 0x00a5cc00
ESP=0x00c11dd0 is pointing into the stack for thread: 0x00a5cc00
EBP=0x00c11dd8 is pointing into the stack for thread: 0x00a5cc00
ESI=0x00c183a0 is pointing into the stack for thread: 0x00a5cc00
EDI=0x1ee674f8 is an unknown value


Stack: [0x00c10000,0x00c60000],  sp=0x00c11dd0,  free space=7k
Native frames: (J=compiled Java code, j=interpreted, Vv=VM code, C=native code)
C  [LearnGB_VAVReheat_ClosedLoop.dll+0x4ab367]  denseAddIdentity+0x177
C  [LearnGB_VAVReheat_ClosedLoop.dll+0x35ee51]  setTimerCounterCB+0x359d61
C  [LearnGB_VAVReheat_ClosedLoop.dll+0x355128]  setTimerCounterCB+0x350038
C  [LearnGB_VAVReheat_ClosedLoop.dll+0x34a77f]  setTimerCounterCB+0x34568f
C  [LearnGB_VAVReheat_ClosedLoop.dll+0x33f1b3]  setTimerCounterCB+0x33a0c3
C  [LearnGB_VAVReheat_ClosedLoop.dll+0x33abf5]  setTimerCounterCB+0x335b05
C  [LearnGB_VAVReheat_ClosedLoop.dll+0x339cbf]  setTimerCounterCB+0x334bcf
C  [LearnGB_VAVReheat_ClosedLoop.dll+0x338160]  setTimerCounterCB+0x333070
C  [LearnGB_VAVReheat_ClosedLoop.dll+0x337052]  setTimerCounterCB+0x331f62
C  [LearnGB_VAVReheat_ClosedLoop.dll+0x320539]  setTimerCounterCB+0x31b449
C  [LearnGB_VAVReheat_ClosedLoop.dll+0x31b95e]  setTimerCounterCB+0x31686e
C  [LearnGB_VAVReheat_ClosedLoop.dll+0x31b7bf]  setTimerCounterCB+0x3166cf
C  [LearnGB_VAVReheat_ClosedLoop.dll+0x31b43e]  setTimerCounterCB+0x31634e
C  [LearnGB_VAVReheat_ClosedLoop.dll+0x31b292]  setTimerCounterCB+0x3161a2
C  [LearnGB_VAVReheat_ClosedLoop.dll+0x31a64c]  setTimerCounterCB+0x31555c
C  [LearnGB_VAVReheat_ClosedLoop.dll+0x31a32e]  setTimerCounterCB+0x31523e
C  [LearnGB_VAVReheat_ClosedLoop.dll+0x31a18f]  setTimerCounterCB+0x31509f
C  [LearnGB_VAVReheat_ClosedLoop.dll+0x319e0e]  setTimerCounterCB+0x314d1e
C