#
# A fatal error has been detected by the Java Runtime Environment:
#
#  EXCEPTION_ACCESS_VIOLATION (0xc0000005) at pc=0x575a1847, pid=8376, tid=7624
#
# JRE version: 7.0_03-b05
# Java VM: Java HotSpot(TM) Client VM (22.1-b02 mixed mode windows-x86 )
# Problematic frame:
# C  [FMUwrapper.dll+0x11847]
#
# Failed to write core dump. Minidumps are not enabled by default on client versions of Windows
#
# If you would like to submit a bug report, please visit:
#   http://bugreport.sun.com/bugreport/crash.jsp
# The crash happened outside the Java Virtual Machine in native code.
# See problematic frame for where to report the bug.
#

---------------  T H R E A D  ---------------

Current thread (0x0061cc00):  JavaThread "main" [_thread_in_native, id=7624, stack(0x020d0000,0x02120000)]

siginfo: ExceptionCode=0xc0000005, reading address 0x00000004

Registers:
EAX=0x00000000, EBX=0x00000000, ECX=0x00000000, EDX=0x5760a560
ESP=0x0211ea4c, EBP=0x0211eb3c, ESI=0x0211ed28, EDI=0x0211eb3c
EIP=0x575a1847, EFLAGS=0x00010202

Top of Stack: (sp=0x0211ea4c)
0x0211ea4c:   0211ec24 0211ed28 00000000 cccccccc
0x0211ea5c:   cccccccc cccccccc cccccccc cccccccc
0x0211ea6c:   cccccccc cccccccc cccccccc cccccccc
0x0211ea7c:   cccccccc cccccccc cccccccc cccccccc
0x0211ea8c:   cccccccc cccccccc cccccccc cccccccc
0x0211ea9c:   cccccccc cccccccc cccccccc cccccccc
0x0211eaac:   cccccccc cccccccc cccccccc cccccccc
0x0211eabc:   cccccccc cccccccc cccccccc cccccccc 

Instructions: (pc=0x575a1847)
0x575a1827:   00 00 53 56 57 8d bd 1c ff ff ff b9 39 00 00 00
0x575a1837:   b8 cc cc cc cc f3 ab 8b 45 08 89 45 f8 8b 45 f8
0x575a1847:   8b 48 04 89 4d ec c7 45 e0 00 00 00 00 eb 09 8b
0x575a1857:   45 e0 83 c0 02 89 45 e0 8b 45 f8 8b 4d e0 3b 48 


Register to memory mapping:

EAX=0x00000000 is an unknown value
EBX=0x00000000 is an unknown value
ECX=0x00000000 is an unknown value
EDX=0x5760a560 is an unknown value
ESP=0x0211ea4c is pointing into the stack for thread: 0x0061cc00
EBP=0x0211eb3c is pointing into the stack for thread: 0x0061cc00
ESI=0x0211ed28 is pointing into the stack for thread: 0x0061cc00
EDI=0x0211eb3c is pointing into the stack for thread: 0x0061cc00


Stack: [0x020d0000,0x02120000],  sp=0x0211ea4c,  free space=314k
Native frames: (J=compiled Java code, j=interpreted, Vv=VM code, C=native code)
C  [FMUwrapper.dll+0x11847]  getString+0x27
C  [FMUwrapper.dll+0x11c89]  getModelIdentifier+0x29
C  [FMUwrapper.dll+0x1602]  Straylight::MainFMUwrapper::loadDll+0x42
C  [FMUwrapper.dll+0x13a9]  init+0x119
C  [FMUwrapper.dll+0x1278]  testFMU+0x28
C  [jna1183902607516745667.dll+0xd277]  Java_com_sun_jna_Native_initialize_1ffi_1type+0x3927
C  [jna1183902607516745667.dll+0xce92]  Java_com_sun_jna_Native_initialize_1ffi_1type+0x3542
C  [jna1183902607516745667.dll+0x2dde]
C  [jna1183902607516745667.dll+0x53ae]  Java_com_sun_jna_Native_invokeVoid+0x2e
j  com.sun.jna.Native.invokeVoid(JI[Ljava/lang/Object;)V+0
j  com.sun.jna.Function.invoke([Ljava/lang/Object;Ljava/lang/Class;Z)Ljava/lang/Object;+48
j  com.sun.jna.Function.invoke(Ljava/lang/Class;[Ljava/lang/Object;Ljava/util/Map;)Ljava/lang/Object;+214
j  com.sun.jna.Library$Handler.invoke(Ljava/lang/Object;Ljava/lang/reflect/Method;[Ljava/lang/Object;)Ljava/lang/Object;+341
j  $Proxy0.testFMU()V+9
j  com.sri.straylight.socketserver.Main.testFMU()V+20
j  com.sri.straylight.socketserver.Main.main([Ljava/lang/String;)V+6
v  ~StubRoutines::call_stub
V  [jvm.dll+0x123c0a]
V  [jvm.dll+0x1c9e8e]
V  [jvm.dll+0x123c8d]
V  [jvm.dll+0xa92d4]
V  [jvm.dll+0xb3657]
C  [javaw.exe+0x1fe5]
C  [javaw.exe+0xa0cb]
C  [javaw.exe+0xa155]
C  [kernel32.dll+0x1339a]  BaseThreadInitThunk+0x12
C  [ntdll.dll+0x39ef2]  RtlInitializeExceptionChain+0x63
C  [ntdll.dll+0x39ec5]  RtlInitializeExceptionChain+0x36

Java frames: (J=compiled Java code, j=interpreted, Vv=VM code)
j  com.sun.jna.Native.invokeVoid(JI[Ljava/lang/Object;)V+0
j  com.sun.jna.Function.invoke([Ljava/lang/Object;Ljava/lang/Class;Z)Ljava/lang/Object;+48
j  com.sun.jna.Function.invoke(Ljava/lang/Class;[Ljava/lang/Object;Ljava/util/Map;)Ljava/lang/Object;+214
j  com.sun.jna.Library$Handler.invoke(Ljava/lang/Object;Ljava/lang/reflect/Method;[Ljava/lang/Object;)Ljava/lang/Object;+341
j  $Proxy0.testFMU()V+9
j  com.sri.straylight.socketserver.Main.testFMU()V+20
j  com.sri.straylight.socketserver.Main.main([Ljava/lang/String;)V+6
v  ~StubRoutines::call_stub

---------------  P R O C E S S  ---------------

Java Threads: ( => current thread )
  0x183ba000 JavaThread "Service Thread" daemon [_thread_blocked, id=8920, stack(0x193a0000,0x193f0000)]
  0x183b7400 JavaThread "C1 CompilerThread0" daemon [_thread_blocked, id=8824, stack(0x192c0000,0x19310000)]
  0x183a9800 JavaThread "JDWP Command Reader" daemon [_thread_in_native, id=3196, stack(0x18ed0000,0x18f20000)]
  0x183a8400 JavaThread "JDWP Event Helper Thread" daemon [_thread_blocked, id=5308, stack(0x19250000,0x192a0000)]
  0x1839d000 JavaThread "JDWP Transport Listener: dt_socket" daemon [_thread_blocked, id=7912, stack(0x18e60000,0x18eb0000)]
  0x18395400 JavaThread "Attach Listener" daemon [_thread_blocked, id=8300, stack(0x189c0000,0x18a10000)]
  0x18392400 JavaThread "Signal Dispatcher" daemon [_thread_blocked, id=7488, stack(0x18880000,0x188d0000)]
  0x1833a000 JavaThread "Finalizer" daemon [_thread_blocked, id=3136, stack(0x18590000,0x185e0000)]
  0x18332400 JavaThread "Reference Handler" daemon [_thread_blocked, id=7392, stack(0x187a0000,0x187f0000)]
=>0x0061cc00 JavaThread "main" [_thread_in_native, id=7624, stack(0x020d0000,0x02120000)]

Other Threads:
  0x1832ec00 VMThread [stack: 0x02140000,0x02190000] [id=5872]
  0x183cb000 WatcherThread [stack: 0x18fa0000,0x18ff0000] [id=8512]

VM state:not at safepoint (normal execution)

VM Mutex/Monitor currently owned by a thread: None

Heap
 def new generation   total 4928K, used 3755K [0x04310000, 0x04860000, 0x09860000)
  eden space 4416K,  73% used [0x04310000, 0x0463afc8, 0x04760000)
  from space 512K,  99% used [0x04760000, 0x047dff98, 0x047e0000)
  to   space 512K,   0% used [0x047e0000, 0x047e0000, 0x04860000)
 tenured generation   total 10944K, used 954K [0x09860000, 0x0a310000, 0x14310000)
   the space 10944K,   8% used [0x09860000, 0x0994ea20, 0x0994ec00, 0x0a310000)
 compacting perm gen  total 12288K, used 4434K [0x14310000, 0x14f10000, 0x18310000)
   the space 12288K,  36% used [0x14310000, 0x147648b8, 0x14764a00, 0x14f10000)
No shared spaces configured.

Code Cache  [0x02310000, 0x023e0000, 0x04310000)
 total_blobs=284 nmethods=130 adapters=98 free_code_cache=31938Kb largest_free_block=32704768

Dynamic libraries:
0x00370000 - 0x0039f000 	C:\Program Files (x86)\Java\jdk1.7.0_03\bin\javaw.exe
0x77460000 - 0x775e0000 	C:\Windows\SysWOW64\ntdll.dll
0x75380000 - 0x75490000 	C:\Windows\syswow64\kernel32.dll
0x76970000 - 0x769b6000 	C:\Windows\syswow64\KERNELBASE.dll
0x76f30000 - 0x76fd0000 	C:\Windows\syswow64\ADVAPI32.dll
0x758a0000 - 0x7594c000 	C:\Windows\syswow64\msvcrt.dll
0x75360000 - 0x75379000 	C:\Windows\SysWOW64\sechost.dll
0x75720000 - 0x75810000 	C:\Windows\syswow64\RPCRT4.dll
0x74fc0000 - 0x75020000 	C:\Windows\syswow64\SspiCli.dll
0x74fb0000 - 0x74fbc000 	C:\Windows\syswow64\CRYPTBASE.dll
0x76a60000 - 0x76b60000 	C:\Windows\syswow64\USER32.dll
0x76fd0000 - 0x77060000 	C:\Windows\syswow64\GDI32.dll
0x75350000 - 0x7535a000 	C:\Windows\syswow64\LPK.dll
0x769c0000 - 0x76a5d000 	C:\Windows\syswow64\USP10.dll
0x70d30000 - 0x70ece000 	C:\Windows\WinSxS\x86_microsoft.windows.common-controls_6595b64144ccf1df_6.0.7601.17514_none_41e6975e2bd6f2b2\COMCTL32.dll
0x75810000 - 0x75867000 	C:\Windows\syswow64\SHLWAPI.dll
0x76910000 - 0x76970000 	C:\Windows\system32\IMM32.DLL
0x75990000 - 0x75a5c000 	C:\Windows\syswow64\MSCTF.dll
0x57aa0000 - 0x57b5e000 	C:\Program Files (x86)\Java\jdk1.7.0_03\jre\bin\msvcr100.dll
0x57770000 - 0x57a98000 	C:\Program Files (x86)\Java\jdk1.7.0_03\jre\bin\client\jvm.dll
0x730d0000 - 0x730d7000 	C:\Windows\system32\WSOCK32.dll
0x754d0000 - 0x75505000 	C:\Windows\syswow64\WS2_32.dll
0x76810000 - 0x76816000 	C:\Windows\syswow64\NSI.dll
0x72ef0000 - 0x72f22000 	C:\Windows\system32\WINMM.dll
0x754c0000 - 0x754c5000 	C:\Windows\syswow64\PSAPI.DLL
0x59e00000 - 0x59e0c000 	C:\Program Files (x86)\Java\jdk1.7.0_03\jre\bin\verify.dll
0x59c90000 - 0x59cb0000 	C:\Program Files (x86)\Java\jdk1.7.0_03\jre\bin\java.dll
0x58b20000 - 0x58b4a000 	C:\Program Files (x86)\Java\jdk1.7.0_03\jre\bin\jdwp.dll
0x59c00000 - 0x59c07000 	C:\Program Files (x86)\Java\jdk1.7.0_03\jre\bin\npt.dll
0x58b00000 - 0x58b13000 	C:\Program Files (x86)\Java\jdk1.7.0_03\jre\bin\zip.dll
0x58a90000 - 0x58a98000 	C:\Program Files (x86)\Java\jdk1.7.0_03\jre\bin\dt_socket.dll
0x729d0000 - 0x729e0000 	C:\Windows\system32\NLAapi.dll
0x729c0000 - 0x729d0000 	C:\Windows\system32\napinsp.dll
0x729a0000 - 0x729b2000 	C:\Windows\system32\pnrpnsp.dll
0x72970000 - 0x72994000 	C:\Program Files (x86)\Common Files\Microsoft Shared\Windows Live\WLIDNSP.DLL
0x72830000 - 0x72855000 	C:\Program Files (x86)\Bonjour\mdnsNSP.dll
0x72b30000 - 0x72b4c000 	C:\Windows\system32\Iphlpapi.DLL
0x72b20000 - 0x72b27000 	C:\Windows\system32\WINNSI.DLL
0x72c50000 - 0x72c8c000 	C:\Windows\System32\mswsock.dll
0x72a20000 - 0x72a64000 	C:\Windows\system32\DNSAPI.dll
0x72820000 - 0x72828000 	C:\Windows\System32\winrnr.dll
0x727e0000 - 0x72818000 	C:\Windows\System32\fwpuclnt.dll
0x727d0000 - 0x727d6000 	C:\Windows\system32\rasadhlp.dll
0x72c40000 - 0x72c45000 	C:\Windows\System32\wshtcpip.dll
0x58750000 - 0x58764000 	C:\Program Files (x86)\Java\jdk1.7.0_03\jre\bin\net.dll
0x72a70000 - 0x72a76000 	C:\Windows\System32\wship6.dll
0x58740000 - 0x5874f000 	C:\Program Files (x86)\Java\jdk1.7.0_03\jre\bin\nio.dll
0x57620000 - 0x57762000 	C:\Program Files (x86)\Java\jdk1.7.0_03\jre\bin\awt.dll
0x751c0000 - 0x7524f000 	C:\Windows\syswow64\OLEAUT32.dll
0x766b0000 - 0x7680c000 	C:\Windows\syswow64\ole32.dll
0x732f0000 - 0x73306000 	C:\Windows\system32\CRYPTSP.dll
0x73220000 - 0x7325b000 	C:\Windows\system32\rsaenh.dll
0x730a0000 - 0x730b7000 	C:\Windows\system32\USERENV.dll
0x73090000 - 0x7309b000 	C:\Windows\system32\profapi.dll
0x19310000 - 0x19382000 	C:\Temp\jna\jna1183902607516745667.dll
0x57590000 - 0x57615000 	E:\SRI\straylight_repo\visualStudioWorkspace\bin\Debug\FMUwrapper.dll
0x57510000 - 0x5758d000 	E:\SRI\straylight_repo\visualStudioWorkspace\bin\Debug\expat.dll

VM Arguments:
jvm_args: -agentlib:jdwp=transport=dt_socket,suspend=y,address=localhost:51637 -Dfile.encoding=UTF-8 
java_command: com.sri.straylight.socketserver.Main
Launcher Type: SUN_STANDARD

Environment Variables:
JAVA_HOME=C:\Program Files (x86)\Java\jdk1.7.0_03
CLASSPATH=.;C:\Program Files (x86)\Java\jre6\lib\ext\QTJava.zip
PATH=C:\Program Files (x86)\Java\jdk1.7.0_03\jre\bin;C:\Windows\system32;C:\Windows;C:\Windows\System32\Wbem;C:\Windows\System32\WindowsPowerShell\v1.0\;C:\Program Files (x86)\TortoiseHg\;c:\ant\bin;C:\Program Files\TortoiseSVN\bin;C:\Program Files (x86)\Microsoft SQL Server\100\Tools\Binn\VSShell\Common7\IDE\;C:\Program Files\Apache Software Foundation\apache-maven-3.0.3\bin;C:\Program Files (x86)\Java\jdk1.7.0_03\bin;C:\Program Files\EmEditor;C:\Program Files\TortoiseGit\bin;C:\Users\raj\AppData\Roaming\Python\Scripts;C:\python\ActiveStatePython27;C:\python\ActiveStatePython27\Scripts;C:\MinGW\bin;C:\Program Files (x86)\Microsoft Visual Studio 10.0\VC\bin;C:\Program Files (x86)\Microsoft Visual Studio 10.0\Common7\IDE
USERNAME=raj
OS=Windows_NT
PROCESSOR_IDENTIFIER=Intel64 Family 6 Model 26 Stepping 4, GenuineIntel



---------------  S Y S T E M  ---------------

OS: Windows 7 , 64 bit Build 7601 Service Pack 1

CPU:total 8 (4 cores per cpu, 2 threads per core) family 6 model 26 stepping 4, cmov, cx8, fxsr, mmx, sse, sse2, sse3, ssse3, sse4.1, sse4.2, popcnt, ht

Memory: 4k page, physical 6282328k(1871284k free), swap 24989136k(19148908k free)

vm_info: Java HotSpot(TM) Client VM (22.1-b02) for windows-x86 JRE (1.7.0_03-b05), built on Feb  3 2012 20:43:37 by "java_re" with unknown MS VC++:1600

time: Wed Mar 28 15:15:50 2012
elapsed time: 0 seconds

