#
# A fatal error has been detected by the Java Runtime Environment:
#
#  EXCEPTION_ACCESS_VIOLATION (0xc0000005) at pc=0x57b14957, pid=7436, tid=4556
#
# JRE version: 7.0_02-b13
# Java VM: Java HotSpot(TM) Client VM (22.0-b10 mixed mode windows-x86 )
# Problematic frame:
# C  [JNIinterface.dll+0x54957]
#
# Failed to write core dump. Minidumps are not enabled by default on client versions of Windows
#
# If you would like to submit a bug report, please visit:
#   http://bugreport.sun.com/bugreport/crash.jsp
# The crash happened outside the Java Virtual Machine in native code.
# See problematic frame for where to report the bug.
#

---------------  T H R E A D  ---------------

Current thread (0x0242c800):  JavaThread "main" [_thread_in_native, id=4556, stack(0x00d10000,0x00d60000)]

siginfo: ExceptionCode=0xc0000005, reading address 0x00000024

Registers:
EAX=0x00000024, EBX=0x147a2bc0, ECX=0x7fffffff, EDX=0x7ffffffe
ESP=0x00d5f340, EBP=0x00d5f660, ESI=0x147a2bc0, EDI=0x00d5f7bc
EIP=0x57b14957, EFLAGS=0x00010206

Top of Stack: (sp=0x00d5f340)
0x00d5f340:   00d5f49c 67630000 7fffffff 00000032
0x00d5f350:   00000100 67630100 00000007 00000008
0x00d5f360:   00000001 19bc1698 19bc1698 00d5f49c
0x00d5f370:   00000000 00000000 67630000 67630000
0x00d5f380:   00000000 00d5f406 67630100 00d5f328
0x00d5f390:   00d5f404 00d5f450 77e571d5 04c86c4b
0x00d5f3a0:   fffffffe 77e101bb 77e1030a 00338938
0x00d5f3b0:   00d5f406 00000000 00d5f404 00339238 

Instructions: (pc=0x57b14957)
0x57b14937:   ff 8b 8d 6c fd ff ff 8b 95 6c fd ff ff 83 ea 01
0x57b14947:   89 95 6c fd ff ff 85 c9 74 1e 8b 85 70 fd ff ff
0x57b14957:   0f be 08 85 c9 74 11 8b 95 70 fd ff ff 83 c2 01
0x57b14967:   89 95 70 fd ff ff eb c9 8b 85 70 fd ff ff 2b 45 


Register to memory mapping:

EAX=0x00000024 is an unknown value
EBX=0x147a2bc0 is an oop
{method} 
 - klass: {other class}
ECX=0x7fffffff is an unknown value
EDX=0x7ffffffe is an unknown value
ESP=0x00d5f340 is pointing into the stack for thread: 0x0242c800
EBP=0x00d5f660 is pointing into the stack for thread: 0x0242c800
ESI=0x147a2bc0 is an oop
{method} 
 - klass: {other class}
EDI=0x00d5f7bc is pointing into the stack for thread: 0x0242c800


Stack: [0x00d10000,0x00d60000],  sp=0x00d5f340,  free space=316k
Native frames: (J=compiled Java code, j=interpreted, Vv=VM code, C=native code)
C  [JNIinterface.dll+0x54957]  _output_l+0x9b7
C  [JNIinterface.dll+0x48f02]  printf+0xe2
C  [JNIinterface.dll+0x380f8]  JavaToSZ+0x48
C  [JNIinterface.dll+0x381db]  Java_com_sri_straylight_socketserver_JNIinterface_load+0x2b
j  com.sri.straylight.socketserver.JNIinterface.load(Ljava/lang/String;)Ljava/lang/String;+0
j  com.sri.straylight.socketserver.FMU.load()V+8
j  com.sri.straylight.socketserver.Main.test()V+25
j  com.sri.straylight.socketserver.Main.main([Ljava/lang/String;)V+6
v  ~StubRoutines::call_stub
V  [jvm.dll+0x123c0a]
V  [jvm.dll+0x1c9e8e]
V  [jvm.dll+0x123c8d]
V  [jvm.dll+0xa92d4]
V  [jvm.dll+0xb3657]
C  [javaw.exe+0x1fe5]
C  [javaw.exe+0xa0cb]
C  [javaw.exe+0xa155]
C  [kernel32.dll+0x1339a]  BaseThreadInitThunk+0x12
C  [ntdll.dll+0x39ef2]  RtlInitializeExceptionChain+0x63
C  [ntdll.dll+0x39ec5]  RtlInitializeExceptionChain+0x36

Java frames: (J=compiled Java code, j=interpreted, Vv=VM code)
j  com.sri.straylight.socketserver.JNIinterface.load(Ljava/lang/String;)Ljava/lang/String;+0
j  com.sri.straylight.socketserver.FMU.load()V+8
j  com.sri.straylight.socketserver.Main.test()V+25
j  com.sri.straylight.socketserver.Main.main([Ljava/lang/String;)V+6
v  ~StubRoutines::call_stub

---------------  P R O C E S S  ---------------

Java Threads: ( => current thread )
  0x184d8000 JavaThread "Service Thread" daemon [_thread_blocked, id=9332, stack(0x194a0000,0x194f0000)]
  0x184d5400 JavaThread "C1 CompilerThread0" daemon [_thread_blocked, id=3128, stack(0x19310000,0x19360000)]
  0x184c7400 JavaThread "JDWP Command Reader" daemon [_thread_in_native, id=10260, stack(0x19020000,0x19070000)]
  0x184c6400 JavaThread "JDWP Event Helper Thread" daemon [_thread_blocked, id=4868, stack(0x18e10000,0x18e60000)]
  0x184bcc00 JavaThread "JDWP Transport Listener: dt_socket" daemon [_thread_blocked, id=5836, stack(0x186a0000,0x186f0000)]
  0x184b5400 JavaThread "Attach Listener" daemon [_thread_blocked, id=2816, stack(0x18850000,0x188a0000)]
  0x184b2000 JavaThread "Signal Dispatcher" daemon [_thread_blocked, id=9360, stack(0x18920000,0x18970000)]
  0x1845a000 JavaThread "Finalizer" daemon [_thread_blocked, id=9396, stack(0x18650000,0x186a0000)]
  0x18452000 JavaThread "Reference Handler" daemon [_thread_blocked, id=4648, stack(0x18770000,0x187c0000)]
=>0x0242c800 JavaThread "main" [_thread_in_native, id=4556, stack(0x00d10000,0x00d60000)]

Other Threads:
  0x1844ec00 VMThread [stack: 0x023d0000,0x02420000] [id=7112]
  0x184e9000 WatcherThread [stack: 0x18e70000,0x18ec0000] [id=10108]

VM state:not at safepoint (normal execution)

VM Mutex/Monitor currently owned by a thread: None

Heap
 def new generation   total 4928K, used 1964K [0x04430000, 0x04980000, 0x09980000)
  eden space 4416K,  32% used [0x04430000, 0x0459c2b8, 0x04880000)
  from space 512K,  99% used [0x04880000, 0x048fef78, 0x04900000)
  to   space 512K,   0% used [0x04900000, 0x04900000, 0x04980000)
 tenured generation   total 10944K, used 954K [0x09980000, 0x0a430000, 0x14430000)
   the space 10944K,   8% used [0x09980000, 0x09a6e8e0, 0x09a6ea00, 0x0a430000)
 compacting perm gen  total 12288K, used 3569K [0x14430000, 0x15030000, 0x18430000)
   the space 12288K,  29% used [0x14430000, 0x147ac448, 0x147ac600, 0x15030000)
No shared spaces configured.

Code Cache  [0x02430000, 0x02500000, 0x04430000)
 total_blobs=267 nmethods=128 adapters=83 free_code_cache=31950Kb largest_free_block=32717312

Dynamic libraries:
0x00e20000 - 0x00e4f000 	C:\Program Files (x86)\Java\jdk1.7.0_02\bin\javaw.exe
0x77de0000 - 0x77f60000 	C:\Windows\SysWOW64\ntdll.dll
0x77420000 - 0x77530000 	C:\Windows\syswow64\kernel32.dll
0x77030000 - 0x77076000 	C:\Windows\syswow64\KERNELBASE.dll
0x77620000 - 0x776c0000 	C:\Windows\syswow64\ADVAPI32.dll
0x77080000 - 0x7712c000 	C:\Windows\syswow64\msvcrt.dll
0x77600000 - 0x77619000 	C:\Windows\SysWOW64\sechost.dll
0x77330000 - 0x77420000 	C:\Windows\syswow64\RPCRT4.dll
0x75940000 - 0x759a0000 	C:\Windows\syswow64\SspiCli.dll
0x75930000 - 0x7593c000 	C:\Windows\syswow64\CRYPTBASE.dll
0x778c0000 - 0x779c0000 	C:\Windows\syswow64\USER32.dll
0x76fa0000 - 0x77030000 	C:\Windows\syswow64\GDI32.dll
0x75b70000 - 0x75b7a000 	C:\Windows\syswow64\LPK.dll
0x77530000 - 0x775cd000 	C:\Windows\syswow64\USP10.dll
0x726b0000 - 0x7284e000 	C:\Windows\WinSxS\x86_microsoft.windows.common-controls_6595b64144ccf1df_6.0.7601.17514_none_41e6975e2bd6f2b2\COMCTL32.dll
0x75ae0000 - 0x75b37000 	C:\Windows\syswow64\SHLWAPI.dll
0x77130000 - 0x77190000 	C:\Windows\system32\IMM32.DLL
0x75b80000 - 0x75c4c000 	C:\Windows\syswow64\MSCTF.dll
0x676a0000 - 0x6775e000 	C:\Program Files (x86)\Java\jdk1.7.0_02\jre\bin\msvcr100.dll
0x6ceb0000 - 0x6d1d8000 	C:\Program Files (x86)\Java\jdk1.7.0_02\jre\bin\client\jvm.dll
0x73a50000 - 0x73a57000 	C:\Windows\system32\WSOCK32.dll
0x772f0000 - 0x77325000 	C:\Windows\syswow64\WS2_32.dll
0x76ea0000 - 0x76ea6000 	C:\Windows\syswow64\NSI.dll
0x73870000 - 0x738a2000 	C:\Windows\system32\WINMM.dll
0x77250000 - 0x77255000 	C:\Windows\syswow64\PSAPI.DLL
0x68b00000 - 0x68b0c000 	C:\Program Files (x86)\Java\jdk1.7.0_02\jre\bin\verify.dll
0x67680000 - 0x676a0000 	C:\Program Files (x86)\Java\jdk1.7.0_02\jre\bin\java.dll
0x67650000 - 0x6767a000 	C:\Program Files (x86)\Java\jdk1.7.0_02\jre\bin\jdwp.dll
0x71e60000 - 0x71e67000 	C:\Program Files (x86)\Java\jdk1.7.0_02\jre\bin\npt.dll
0x67630000 - 0x67643000 	C:\Program Files (x86)\Java\jdk1.7.0_02\jre\bin\zip.dll
0x67620000 - 0x67628000 	C:\Program Files (x86)\Java\jdk1.7.0_02\jre\bin\dt_socket.dll
0x73350000 - 0x73360000 	C:\Windows\system32\NLAapi.dll
0x73340000 - 0x73350000 	C:\Windows\system32\napinsp.dll
0x73320000 - 0x73332000 	C:\Windows\system32\pnrpnsp.dll
0x732f0000 - 0x73314000 	C:\Program Files (x86)\Common Files\Microsoft Shared\Windows Live\WLIDNSP.DLL
0x732c0000 - 0x732e5000 	C:\Program Files (x86)\Bonjour\mdnsNSP.dll
0x73450000 - 0x7346c000 	C:\Windows\system32\Iphlpapi.DLL
0x73440000 - 0x73447000 	C:\Windows\system32\WINNSI.DLL
0x735d0000 - 0x7360c000 	C:\Windows\System32\mswsock.dll
0x733a0000 - 0x733e4000 	C:\Windows\system32\DNSAPI.dll
0x732b0000 - 0x732b8000 	C:\Windows\System32\winrnr.dll
0x73270000 - 0x732a8000 	C:\Windows\System32\fwpuclnt.dll
0x73260000 - 0x73266000 	C:\Windows\system32\rasadhlp.dll
0x735c0000 - 0x735c5000 	C:\Windows\System32\wshtcpip.dll
0x67600000 - 0x67614000 	C:\Program Files (x86)\Java\jdk1.7.0_02\jre\bin\net.dll
0x733f0000 - 0x733f6000 	C:\Windows\System32\wship6.dll
0x675f0000 - 0x675ff000 	C:\Program Files (x86)\Java\jdk1.7.0_02\jre\bin\nio.dll
0x57ac0000 - 0x57b82000 	E:\SRI\straylight_repo\eclipseWorkspace\StrayLight\SocketServer\JNIinterface.dll
0x57a30000 - 0x57ab4000 	E:\SRI\straylight_repo\eclipseWorkspace\StrayLight\socketserver\FMUwrapper.dll
0x573f0000 - 0x5746d000 	E:\SRI\straylight_repo\eclipseWorkspace\StrayLight\socketserver\expat.dll

VM Arguments:
jvm_args: -agentlib:jdwp=transport=dt_socket,suspend=y,address=localhost:57016 -Dfile.encoding=UTF-8 
java_command: com.sri.straylight.socketserver.Main
Launcher Type: SUN_STANDARD

Environment Variables:
JAVA_HOME=C:\Program Files (x86)\Java\jdk1.7.0_03
CLASSPATH=.;C:\Program Files (x86)\Java\jre6\lib\ext\QTJava.zip
PATH=C:\Program Files (x86)\Java\jdk1.7.0_02\jre\bin;C:\Windows\system32;C:\Windows;C:\Windows\System32\Wbem;C:\Windows\System32\WindowsPowerShell\v1.0\;C:\Program Files (x86)\TortoiseHg\;c:\ant\bin;C:\Program Files\TortoiseSVN\bin;C:\Program Files (x86)\Microsoft SQL Server\100\Tools\Binn\VSShell\Common7\IDE\;C:\Program Files\Apache Software Foundation\apache-maven-3.0.3\bin;C:\Program Files (x86)\Java\jdk1.7.0_03\bin;C:\Program Files\EmEditor;C:\Program Files\TortoiseGit\bin;C:\Users\raj\AppData\Roaming\Python\Scripts;C:\python\ActiveStatePython27;C:\python\ActiveStatePython27\Scripts;C:\MinGW\bin;C:\Program Files (x86)\Microsoft Visual Studio 10.0\VC\bin;C:\Program Files (x86)\Microsoft Visual Studio 10.0\Common7\IDE
USERNAME=raj
OS=Windows_NT
PROCESSOR_IDENTIFIER=Intel64 Family 6 Model 26 Stepping 4, GenuineIntel



---------------  S Y S T E M  ---------------

OS: Windows 7 , 64 bit Build 7601 Service Pack 1

CPU:total 8 (4 cores per cpu, 2 threads per core) family 6 model 26 stepping 4, cmov, cx8, fxsr, mmx, sse, sse2, sse3, ssse3, sse4.1, sse4.2, popcnt, ht

Memory: 4k page, physical 6282328k(1119532k free), swap 24989136k(17635544k free)

vm_info: Java HotSpot(TM) Client VM (22.0-b10) for windows-x86 JRE (1.7.0_02-b13), built on Nov 17 2011 17:17:32 by "java_re" with unknown MS VC++:1600

time: Thu Mar 22 07:42:53 2012
elapsed time: 0 seconds

