#
# A fatal error has been detected by the Java Runtime Environment:
#
#  EXCEPTION_STACK_OVERFLOW (0xc00000fd) at pc=0x1defb367, pid=8008, tid=3928
#
# JRE version: 7.0_03-b05
# Java VM: Java HotSpot(TM) Client VM (22.1-b02 mixed mode windows-x86 )
# Problematic frame:
# C  [LearnGB_VAVReheat_ClosedLoop.dll+0x4ab367]
#
# Failed to write core dump. Minidumps are not enabled by default on client versions of Windows
#
# If you would like to submit a bug report, please visit:
#   http://bugreport.sun.com/bugreport/crash.jsp
# The crash happened outside the Java Virtual Machine in native code.
# See problematic frame for where to report the bug.
#

---------------  T H R E A D  ---------------

Current thread (0x0014c800):  JavaThread "main" [_thread_in_native, id=3928, stack(0x021c0000,0x02210000)]

siginfo: ExceptionCode=0xc00000fd, ExceptionInformation=0x00000000 0x021c0000 

Registers:
EAX=0x021c0000, EBX=0x1bd944b8, ECX=0x021c0f88, EDX=0x0220f0bc
ESP=0x021c20d0, EBP=0x021c20d8, ESI=0x021c86a0, EDI=0x1ec474f8
EIP=0x1defb367, EFLAGS=0x00010206

Top of Stack: (sp=0x021c20d0)
0x021c20d0:   1bd94520 1ddaee7d 021c3784 1ddaee51
0x021c20e0:   0220f0bc 1bd94520 1bd94518 1b1dc860
0x021c20f0:   00000000 1cad9118 1be39310 00000000
0x021c2100:   00000000 19d43f10 199d7d30 1cbd2fb0
0x021c2110:   19ed78f8 1cb2d700 1ca9e4c0 00000000
0x021c2120:   0220f0b8 16505aac 3ee52fc1 2a1f4134
0x021c2130:   3f8dcf43 16505aac 3ee52fc1 c385b2b5
0x021c2140:   40f82a91 491619fb 3fe62518 8f49a960 

Instructions: (pc=0x1defb367)
0x1defb347:   1b c0 f7 d0 23 c8 8b c4 25 00 f0 ff ff 3b c8 72
0x1defb357:   0a 8b c1 59 94 8b 00 89 04 24 c3 2d 00 10 00 00
0x1defb367:   85 00 eb e9 cc ff 25 d4 d2 ef 1d ff 25 d0 d2 ef
0x1defb377:   1d 8b ff 56 68 80 00 00 00 ff 15 c4 d1 ef 1d 59 


Register to memory mapping:

EAX=0x021c0000 is an unknown value
EBX=0x1bd944b8 is an unknown value
ECX=0x021c0f88 is pointing into the stack for thread: 0x0014c800
EDX=0x0220f0bc is pointing into the stack for thread: 0x0014c800
ESP=0x021c20d0 is pointing into the stack for thread: 0x0014c800
EBP=0x021c20d8 is pointing into the stack for thread: 0x0014c800
ESI=0x021c86a0 is pointing into the stack for thread: 0x0014c800
EDI=0x1ec474f8 is an unknown value


Stack: [0x021c0000,0x02210000],  sp=0x021c20d0,  free space=8k
Native frames: (J=compiled Java code, j=interpreted, Vv=VM code, C=native code)
C  [LearnGB_VAVReheat_ClosedLoop.dll+0x4ab367]