#
# A fatal error has been detected by the Java Runtime Environment:
#
#  EXCEPTION_ACCESS_VIOLATION (0xc0000005) at pc=0x000000006d93ae7b, pid=6220, tid=6604
#
# JRE version: 6.0_29-b11
# Java VM: Java HotSpot(TM) 64-Bit Server VM (20.4-b02 mixed mode windows-amd64 compressed oops)
# Problematic frame:
# V  [jvm.dll+0x14ae7b]
#
# If you would like to submit a bug report, please visit:
#   http://java.sun.com/webapps/bugreport/crash.jsp
#

---------------  T H R E A D  ---------------

Current thread (0x00000000064dd800):  JavaThread "JDWP Transport Listener: dt_socket" daemon [_thread_in_vm, id=6604, stack(0x0000000007a70000,0x0000000007b70000)]

siginfo: ExceptionCode=0xc0000005, reading address 0xffffffffffffffff

Registers:
RAX=0x0000000007b6f901, RBX=0x00000000064dd800, RCX=0x6e6f6974003b7465, RDX=0x00000000064dd800
RSP=0x0000000007b6f960, RBP=0x6e6f6974003b7465, RSI=0x0000000007b6fa40, RDI=0x00000000001e96f0
R8 =0x0000000007b6fa40, R9 =0x0000000000000001, R10=0x0000000000000000, R11=0x000000000644da00
R12=0x0000000000000001, R13=0x0000000000000000, R14=0x0000000000000000, R15=0x0000000000000000
RIP=0x000000006d93ae7b, EFLAGS=0x0000000000010206

Top of Stack: (sp=0x0000000007b6f960)
0x0000000007b6f960:   0000000000000000 000000006d4454d3
0x0000000007b6f970:   0000000007b6fb70 000000006dafb775
0x0000000007b6f980:   00000000064dd800 000000006db1a9ea
0x0000000007b6f990:   0000000000000000 00000000064dd800
0x0000000007b6f9a0:   0000000007b6fa40 000000006d440d69
0x0000000007b6f9b0:   00000000064dd800 0000000000000000
0x0000000007b6f9c0:   0000000000000000 0000000000000000
0x0000000007b6f9d0:   0000000000000001 000000006d43ff6e
0x0000000007b6f9e0:   0000000007b6fa40 0000000006631dc8
0x0000000007b6f9f0:   0000000000000001 6e6f6974003b7465
0x0000000007b6fa00:   0000000000000001 6e6f6974003b7465
0x0000000007b6fa10:   0000000007b6fb70 000000006d424f64
0x0000000007b6fa20:   0000000007b6fb70 a06c4e060a000000
0x0000000007b6fa30:   000000000049b460 0000000000000000
0x0000000007b6fa40:   0000000a07b6fb00 0000000000000000
0x0000000007b6fa50:   0000000000000000 0000000000000000 

Instructions: (pc=0x000000006d93ae7b)
0x000000006d93ae5b:   7c 24 48 48 83 c4 28 c3 cc cc cc cc cc cc cc cc
0x000000006d93ae6b:   cc cc cc cc cc 48 53 48 83 ec 20 48 85 c9 74 55
0x000000006d93ae7b:   48 8b 19 48 85 db 74 4d 48 b8 fe fe fe fe fe fe
0x000000006d93ae8b:   fe fe 48 3b d8 74 3e 80 3d b7 f9 5e 00 00 74 16 


Register to memory mapping:

RAX=0x0000000007b6f901 is pointing into the stack for thread: 0x00000000064dd800
RBX=0x00000000064dd800 is a thread
RCX=0x6e6f6974003b7465 is an unknown value
RDX=0x00000000064dd800 is a thread
RSP=0x0000000007b6f960 is pointing into the stack for thread: 0x00000000064dd800
RBP=0x6e6f6974003b7465 is an unknown value
RSI=0x0000000007b6fa40 is pointing into the stack for thread: 0x00000000064dd800
RDI=0x00000000001e96f0 is an unknown value
R8 =0x0000000007b6fa40 is pointing into the stack for thread: 0x00000000064dd800
R9 =0x0000000000000001 is an unknown value
R10=0x0000000000000000 is an unknown value
R11=0x000000000644da00 is an unknown value
R12=0x0000000000000001 is an unknown value
R13=0x0000000000000000 is an unknown value
R14=0x0000000000000000 is an unknown value
R15=0x0000000000000000 is an unknown value


Stack: [0x0000000007a70000,0x0000000007b70000],  sp=0x0000000007b6f960,  free space=1022k
Native frames: (J=compiled Java code, j=interpreted, Vv=VM code, C=native code)
V  [jvm.dll+0x14ae7b]


---------------  P R O C E S S  ---------------

Java Threads: ( => current thread )
  0x00000000084d1800 JavaThread "qtp533789436-19" [_thread_blocked, id=4824, stack(0x0000000008d50000,0x0000000008e50000)]
  0x0000000008278000 JavaThread "qtp533789436-18" [_thread_in_native, id=4412, stack(0x0000000008c50000,0x0000000008d50000)]
  0x0000000008478000 JavaThread "qtp533789436-17 Selector1" [_thread_in_native, id=7008, stack(0x0000000008b50000,0x0000000008c50000)]
  0x0000000008477000 JavaThread "qtp533789436-16" [_thread_blocked, id=5820, stack(0x0000000008a50000,0x0000000008b50000)]
  0x00000000084b0800 JavaThread "qtp533789436-15 Acceptor1 SelectChannelConnector@0.0.0.0:8080 STARTING" [_thread_in_native, id=4156, stack(0x0000000008950000,0x0000000008a50000)]
  0x00000000065d5800 JavaThread "qtp533789436-14" [_thread_blocked, id=6036, stack(0x0000000008850000,0x0000000008950000)]
  0x0000000008280000 JavaThread "qtp533789436-13 Selector0" [_thread_in_native, id=6268, stack(0x0000000008750000,0x0000000008850000)]
  0x00000000083db800 JavaThread "qtp533789436-12 Acceptor0 SelectChannelConnector@0.0.0.0:8080 STARTING" [_thread_blocked, id=5272, stack(0x0000000008650000,0x0000000008750000)]
  0x0000000006508800 JavaThread "Low Memory Detector" daemon [_thread_blocked, id=5928, stack(0x0000000008050000,0x0000000008150000)]
  0x00000000064fc000 JavaThread "C2 CompilerThread1" daemon [_thread_blocked, id=7000, stack(0x0000000007f50000,0x0000000008050000)]
  0x00000000064f8000 JavaThread "C2 CompilerThread0" daemon [_thread_blocked, id=4944, stack(0x0000000007e50000,0x0000000007f50000)]
  0x00000000064e8800 JavaThread "JDWP Command Reader" daemon [_thread_in_native, id=2972, stack(0x0000000007d50000,0x0000000007e50000)]
  0x00000000064e3800 JavaThread "JDWP Event Helper Thread" daemon [_thread_blocked, id=5728, stack(0x0000000007c50000,0x0000000007d50000)]
=>0x00000000064dd800 JavaThread "JDWP Transport Listener: dt_socket" daemon [_thread_in_vm, id=6604, stack(0x0000000007a70000,0x0000000007b70000)]
  0x00000000064d0800 JavaThread "Attach Listener" daemon [_thread_blocked, id=1932, stack(0x00000000072c0000,0x00000000073c0000)]
  0x00000000064d0000 JavaThread "Signal Dispatcher" daemon [_thread_blocked, id=6412, stack(0x00000000071c0000,0x00000000072c0000)]
  0x0000000006480000 JavaThread "Finalizer" daemon [_thread_blocked, id=6312, stack(0x00000000070c0000,0x00000000071c0000)]
  0x0000000006479800 JavaThread "Reference Handler" daemon [_thread_blocked, id=4432, stack(0x0000000006fc0000,0x00000000070c0000)]
  0x00000000001ec800 JavaThread "main" [_thread_blocked, id=4584, stack(0x00000000023c0000,0x00000000024c0000)]

Other Threads:
  0x0000000006470000 VMThread [stack: 0x0000000006ec0000,0x0000000006fc0000] [id=6440]
  0x0000000006513000 WatcherThread [stack: 0x0000000008150000,0x0000000008250000] [id=4976]

VM state:not at safepoint (normal execution)

VM Mutex/Monitor currently owned by a thread: None

Heap
 PSYoungGen      total 28672K, used 9976K [0x00000000e00b0000, 0x00000000e20a0000, 0x0000000100000000)
  eden space 24640K, 40% used [0x00000000e00b0000,0x00000000e0a6e1c8,0x00000000e18c0000)
  from space 4032K, 0% used [0x00000000e1cb0000,0x00000000e1cb0000,0x00000000e20a0000)
  to   space 4032K, 0% used [0x00000000e18c0000,0x00000000e18c0000,0x00000000e1cb0000)
 PSOldGen        total 65472K, used 0K [0x00000000a0200000, 0x00000000a41f0000, 0x00000000e00b0000)
  object space 65472K, 0% used [0x00000000a0200000,0x00000000a0200000,0x00000000a41f0000)
 PSPermGen       total 21248K, used 6911K [0x000000009b000000, 0x000000009c4c0000, 0x00000000a0200000)
  object space 21248K, 32% used [0x000000009b000000,0x000000009b6bfcc0,0x000000009c4c0000)

Code Cache  [0x00000000024c0000, 0x0000000002730000, 0x00000000054c0000)
 total_blobs=254 nmethods=51 adapters=165 free_code_cache=49835328 largest_free_block=17600

Dynamic libraries:
0x0000000000400000 - 0x000000000042e000 	C:\Program Files\Java\jre6\bin\javaw.exe
0x0000000077300000 - 0x00000000774a9000 	C:\Windows\SYSTEM32\ntdll.dll
0x00000000771e0000 - 0x00000000772ff000 	C:\Windows\system32\kernel32.dll
0x000007fefd440000 - 0x000007fefd4ac000 	C:\Windows\system32\KERNELBASE.dll
0x000007fefe190000 - 0x000007fefe26b000 	C:\Windows\system32\ADVAPI32.dll
0x000007fefdb10000 - 0x000007fefdbaf000 	C:\Windows\system32\msvcrt.dll
0x000007fefe340000 - 0x000007fefe35f000 	C:\Windows\SYSTEM32\sechost.dll
0x000007fefdc00000 - 0x000007fefdd2d000 	C:\Windows\system32\RPCRT4.dll
0x00000000770e0000 - 0x00000000771da000 	C:\Windows\system32\USER32.dll
0x000007fefd620000 - 0x000007fefd687000 	C:\Windows\system32\GDI32.dll
0x000007fefda80000 - 0x000007fefda8e000 	C:\Windows\system32\LPK.dll
0x000007fefdf90000 - 0x000007fefe059000 	C:\Windows\system32\USP10.dll
0x000007fefe270000 - 0x000007fefe29e000 	C:\Windows\system32\IMM32.DLL
0x000007fefd970000 - 0x000007fefda79000 	C:\Windows\system32\MSCTF.dll
0x000000006d7f0000 - 0x000000006dfa8000 	C:\Program Files\Java\jre6\bin\server\jvm.dll
0x000007fefadb0000 - 0x000007fefadeb000 	C:\Windows\system32\WINMM.dll
0x000000006d760000 - 0x000000006d76e000 	C:\Program Files\Java\jre6\bin\verify.dll
0x000000006d3b0000 - 0x000000006d3d7000 	C:\Program Files\Java\jre6\bin\java.dll
0x000000006d420000 - 0x000000006d454000 	C:\Program Files\Java\jre6\bin\jdwp.dll
0x000000006d630000 - 0x000000006d638000 	C:\Program Files\Java\jre6\bin\npt.dll
0x000000006d7b0000 - 0x000000006d7c2000 	C:\Program Files\Java\jre6\bin\zip.dll
0x000000006d270000 - 0x000000006d279000 	C:\Program Files\Java\jre6\bin\dt_socket.dll
0x000007fefdbb0000 - 0x000007fefdbfd000 	C:\Windows\system32\WS2_32.dll
0x000007feff270000 - 0x000007feff278000 	C:\Windows\system32\NSI.dll
0x000007fefb160000 - 0x000007fefb175000 	C:\Windows\system32\NLAapi.dll
0x000007fef91d0000 - 0x000007fef91e5000 	C:\Windows\system32\napinsp.dll
0x000007fef91f0000 - 0x000007fef9209000 	C:\Windows\system32\pnrpnsp.dll
0x0000000072850000 - 0x000000007287e000 	C:\Program Files\Common Files\Microsoft Shared\Windows Live\WLIDNSP.DLL
0x00000000774c0000 - 0x00000000774c7000 	C:\Windows\system32\PSAPI.DLL
0x000007fefda90000 - 0x000007fefdb01000 	C:\Windows\system32\SHLWAPI.dll
0x0000000072810000 - 0x0000000072845000 	C:\Program Files\Bonjour\mdnsNSP.dll
0x000007fefab80000 - 0x000007fefaba7000 	C:\Windows\system32\Iphlpapi.DLL
0x000007fefabb0000 - 0x000007fefabbb000 	C:\Windows\system32\WINNSI.DLL
0x000007fefcac0000 - 0x000007fefcb15000 	C:\Windows\System32\mswsock.dll
0x000007fefc940000 - 0x000007fefc99b000 	C:\Windows\system32\DNSAPI.dll
0x000007fef9080000 - 0x000007fef908b000 	C:\Windows\System32\winrnr.dll
0x000007fefab00000 - 0x000007fefab53000 	C:\Windows\System32\fwpuclnt.dll
0x000007fef91c0000 - 0x000007fef91c8000 	C:\Windows\system32\rasadhlp.dll
0x000007fefc460000 - 0x000007fefc467000 	C:\Windows\System32\wshtcpip.dll
0x000000006d600000 - 0x000000006d617000 	C:\Program Files\Java\jre6\bin\net.dll
0x000007fefcab0000 - 0x000007fefcab7000 	C:\Windows\System32\wship6.dll
0x000000006d620000 - 0x000000006d62b000 	C:\Program Files\Java\jre6\bin\nio.dll
0x000007fefcb20000 - 0x000007fefcb37000 	C:\Windows\system32\CRYPTSP.dll
0x000007fefc820000 - 0x000007fefc867000 	C:\Windows\system32\rsaenh.dll
0x000007fefc5a0000 - 0x000007fefc5be000 	C:\Windows\system32\USERENV.dll
0x000007fefd250000 - 0x000007fefd25f000 	C:\Windows\system32\profapi.dll
0x000007fefd180000 - 0x000007fefd18f000 	C:\Windows\system32\CRYPTBASE.dll
0x000007fefd120000 - 0x000007fefd177000 	C:\Windows\system32\apphelp.dll

VM Arguments:
jvm_args: -agentlib:jdwp=transport=dt_socket,suspend=y,address=localhost:50550 -Dfile.encoding=UTF-8 
java_command: com.sri.straylight.socketserver.Main
Launcher Type: SUN_STANDARD

Environment Variables:
JAVA_HOME=C:\Program Files (x86)\Java\jdk1.7.0_02
CLASSPATH=.;C:\Program Files (x86)\Java\jre6\lib\ext\QTJava.zip
PATH=C:\Windows\system32;C:\Windows;C:\Windows\System32\Wbem;C:\Windows\System32\WindowsPowerShell\v1.0\;C:\Program Files (x86)\TortoiseHg\;c:\ant\bin;C:\Program Files\TortoiseSVN\bin;C:\Program Files (x86)\Microsoft SQL Server\100\Tools\Binn\VSShell\Common7\IDE\;C:\Program Files\TortoiseGit\bin;C:\Program Files\Apache Software Foundation\apache-maven-3.0.3\bin;C:\Program Files (x86)\Java\jdk1.7.0_02\bin;C:\Users\raj\AppData\Roaming\Python\Scripts;C:\python\ActiveStatePython27;C:\python\ActiveStatePython27\Scripts;C:\ProgramFiles\JModelica.org-1.6\mingw\bin
USERNAME=raj
OS=Windows_NT
PROCESSOR_IDENTIFIER=Intel64 Family 6 Model 26 Stepping 4, GenuineIntel



---------------  S Y S T E M  ---------------

OS: Windows 7 , 64 bit Build 7601 Service Pack 1

CPU:total 8 (4 cores per cpu, 2 threads per core) family 6 model 26 stepping 4, cmov, cx8, fxsr, mmx, sse, sse2, sse3, ssse3, sse4.1, sse4.2, popcnt, ht

Memory: 4k page, physical 6282328k(3028620k free), swap 24989136k(20797036k free)

vm_info: Java HotSpot(TM) 64-Bit Server VM (20.4-b02) for windows-amd64 JRE (1.6.0_29-b11), built on Oct  3 2011 01:06:42 by "java_re" with MS VC++ 8.0 (VS2005)

time: Fri Jan 20 06:10:38 2012
elapsed time: 838 seconds

