Build started 2/21/2012 9:33:28 AM.
     1>Project "E:\SRI\straylight_repo\visualStudioWorkspace\zlib-1.2.6\contrib\vstudio\vc9\zlibvc.vcxproj" on node 2 (build target(s)).
     1>InitializeBuildStatus:
         Touching "x86\ZlibDllRelease\Tmp\zlibvc.unsuccessfulbuild".
       ClCompile:
         All outputs are up-to-date.
         All outputs are up-to-date.
       ResourceCompile:
         All outputs are up-to-date.
     1>C:\Program Files (x86)\MSBuild\Microsoft.Cpp\v4.0\Microsoft.CppBuild.targets(990,5): warning MSB8012: TargetPath(E:\SRI\straylight_repo\visualStudioWorkspace\zlib-1.2.6\contrib\vstudio\vc9\x86\ZlibDllRelease\zlibvc.dll) does not match the Linker's OutputFile property value (E:\SRI\straylight_repo\visualStudioWorkspace\zlib-1.2.6\contrib\vstudio\vc9\x86\ZlibDllRelease\zlibwapi.dll). This may cause your project to build incorrectly. To correct this, please make sure that $(OutDir), $(TargetName) and $(TargetExt) property values match the value specified in %(Link.OutputFile).
     1>C:\Program Files (x86)\MSBuild\Microsoft.Cpp\v4.0\Microsoft.CppBuild.targets(992,5): warning MSB8012: TargetName(zlibvc) does not match the Linker's OutputFile property value (zlibwapi). This may cause your project to build incorrectly. To correct this, please make sure that $(OutDir), $(TargetName) and $(TargetExt) property values match the value specified in %(Link.OutputFile).
       Link:
         C:\Program Files (x86)\Microsoft Visual Studio 10.0\VC\bin\link.exe /ERRORREPORT:PROMPT /OUT:"x86\ZlibDllRelease\zlibwapi.dll" /INCREMENTAL:NO /NOLOGO ..\..\masmx86\match686.obj ..\..\masmx86\inffas32.obj kernel32.lib user32.lib gdi32.lib winspool.lib comdlg32.lib advapi32.lib shell32.lib ole32.lib oleaut32.lib uuid.lib odbc32.lib odbccp32.lib /DEF:".\zlibvc.def" /MANIFEST:NO /PDB:"x86\ZlibDllRelease\zlibwapi.pdb" /MAP:"x86\ZlibDllRelease\zlibwapi.map" /SUBSYSTEM:WINDOWS /LTCG /TLBID:1 /DYNAMICBASE:NO /IMPLIB:"x86\ZlibDllRelease\zlibwapi.lib" /MACHINE:X86 /DLL x86\ZlibDllRelease\Tmp\zlib.res
         x86\ZlibDllRelease\Tmp\adler32.obj
         x86\ZlibDllRelease\Tmp\compress.obj
         x86\ZlibDllRelease\Tmp\crc32.obj
         x86\ZlibDllRelease\Tmp\deflate.obj
         x86\ZlibDllRelease\Tmp\gzclose.obj
         x86\ZlibDllRelease\Tmp\gzlib.obj
         x86\ZlibDllRelease\Tmp\gzread.obj
         x86\ZlibDllRelease\Tmp\gzwrite.obj
         x86\ZlibDllRelease\Tmp\infback.obj
         x86\ZlibDllRelease\Tmp\inffast.obj
         x86\ZlibDllRelease\Tmp\inflate.obj
         x86\ZlibDllRelease\Tmp\inftrees.obj
         x86\ZlibDllRelease\Tmp\ioapi.obj
         x86\ZlibDllRelease\Tmp\iowin32.obj
         x86\ZlibDllRelease\Tmp\trees.obj
         x86\ZlibDllRelease\Tmp\uncompr.obj
         x86\ZlibDllRelease\Tmp\unzip.obj
         x86\ZlibDllRelease\Tmp\zip.obj
         x86\ZlibDllRelease\Tmp\zutil.obj /MACHINE:I386 
            Creating library x86\ZlibDllRelease\zlibwapi.lib and object x86\ZlibDllRelease\zlibwapi.exp
         Generating code
         Finished generating code
         zlibvc.vcxproj -> E:\SRI\straylight_repo\visualStudioWorkspace\zlib-1.2.6\contrib\vstudio\vc9\x86\ZlibDllRelease\zlibvc.dll
       FinalizeBuildStatus:
         Deleting file "x86\ZlibDllRelease\Tmp\zlibvc.unsuccessfulbuild".
         Touching "x86\ZlibDllRelease\Tmp\zlibvc.lastbuildstate".
     1>Done Building Project "E:\SRI\straylight_repo\visualStudioWorkspace\zlib-1.2.6\contrib\vstudio\vc9\zlibvc.vcxproj" (build target(s)).

Build succeeded.

Time Elapsed 00:00:01.45
