Build started 2/21/2012 9:50:49 AM.
     1>Project "E:\SRI\straylight_repo\visualStudioWorkspace\zlib-1.2.6\contrib\vstudio\vc10\zlibvc.vcxproj" on node 2 (build target(s)).
     1>InitializeBuildStatus:
         Creating "x86\ZlibDllRelease\Tmp\zlibvc.unsuccessfulbuild" because "AlwaysCreate" was specified.
       ClCompile:
         All outputs are up-to-date.
         All outputs are up-to-date.
       ResourceCompile:
         All outputs are up-to-date.
     1>C:\Program Files (x86)\MSBuild\Microsoft.Cpp\v4.0\Microsoft.CppBuild.targets(990,5): warning MSB8012: TargetPath(E:\SRI\straylight_repo\visualStudioWorkspace\zlib-1.2.6\contrib\vstudio\vc10\x86\ZlibDllRelease\zlibvc.dll) does not match the Linker's OutputFile property value (E:\SRI\straylight_repo\visualStudioWorkspace\zlib-1.2.6\contrib\vstudio\vc10\x86\ZlibDllRelease\zlibwapi.dll). This may cause your project to build incorrectly. To correct this, please make sure that $(OutDir), $(TargetName) and $(TargetExt) property values match the value specified in %(Link.OutputFile).
     1>C:\Program Files (x86)\MSBuild\Microsoft.Cpp\v4.0\Microsoft.CppBuild.targets(992,5): warning MSB8012: TargetName(zlibvc) does not match the Linker's OutputFile property value (zlibwapi). This may cause your project to build incorrectly. To correct this, please make sure that $(OutDir), $(TargetName) and $(TargetExt) property values match the value specified in %(Link.OutputFile).
       Link:
         All outputs are up-to-date.
         zlibvc.vcxproj -> E:\SRI\straylight_repo\visualStudioWorkspace\zlib-1.2.6\contrib\vstudio\vc10\x86\ZlibDllRelease\zlibvc.dll
       FinalizeBuildStatus:
         Deleting file "x86\ZlibDllRelease\Tmp\zlibvc.unsuccessfulbuild".
         Touching "x86\ZlibDllRelease\Tmp\zlibvc.lastbuildstate".
     1>Done Building Project "E:\SRI\straylight_repo\visualStudioWorkspace\zlib-1.2.6\contrib\vstudio\vc10\zlibvc.vcxproj" (build target(s)).

Build succeeded.

Time Elapsed 00:00:00.16
