Build started 2/6/2012 6:06:22 AM.
     1>Project "E:\SRI\straylight_repo\visualStudioWorkspace\MyExecRefsDll\MyExecRefsDll.vcxproj" on node 4 (build target(s)).
     1>InitializeBuildStatus:
         Creating "Debug\MyExecRefsDll.unsuccessfulbuild" because "AlwaysCreate" was specified.
       ClCompile:
         C:\Program Files (x86)\Microsoft Visual Studio 10.0\VC\bin\CL.exe /c /IE:\SRI\straylight_repo\visualStudioWorkspace\MathFuncsDll /ZI /nologo /W3 /WX- /Od /Oy- /D WIN32 /D _DEBUG /D _CONSOLE /D _UNICODE /D UNICODE /Gm /EHsc /RTC1 /MDd /GS /fp:precise /Zc:wchar_t /Zc:forScope /Fo"Debug\\" /Fd"Debug\vc100.pdb" /Gd /TP /analyze- /errorReport:prompt MyExecRefsDll.cpp stdafx.cpp
         stdafx.cpp
         MyExecRefsDll.cpp
         Generating Code...
       ManifestResourceCompile:
         C:\Program Files (x86)\Microsoft SDKs\Windows\v7.0A\bin\rc.exe /nologo /fo"Debug\MyExecRefsDll.exe.embed.manifest.res" Debug\MyExecRefsDll_manifest.rc 
       Link:
         C:\Program Files (x86)\Microsoft Visual Studio 10.0\VC\bin\link.exe /ERRORREPORT:PROMPT /OUT:"E:\SRI\straylight_repo\visualStudioWorkspace\Debug\MyExecRefsDll.exe" /INCREMENTAL /NOLOGO kernel32.lib user32.lib gdi32.lib winspool.lib comdlg32.lib advapi32.lib shell32.lib ole32.lib oleaut32.lib uuid.lib odbc32.lib odbccp32.lib /MANIFEST /ManifestFile:"Debug\MyExecRefsDll.exe.intermediate.manifest" /MANIFESTUAC:"level='asInvoker' uiAccess='false'" /DEBUG /PDB:"E:\SRI\straylight_repo\visualStudioWorkspace\Debug\MyExecRefsDll.pdb" /SUBSYSTEM:CONSOLE /TLBID:1 /DYNAMICBASE /NXCOMPAT /IMPLIB:"E:\SRI\straylight_repo\visualStudioWorkspace\Debug\MyExecRefsDll.lib" /MACHINE:X86 Debug\MyExecRefsDll.exe.embed.manifest.res
         Debug\MyExecRefsDll.obj
         Debug\stdafx.obj
         E:\SRI\straylight_repo\visualStudioWorkspace\Debug\MathFuncsDll.lib
       Manifest:
         C:\Program Files (x86)\Microsoft SDKs\Windows\v7.0A\bin\mt.exe /nologo /verbose /out:"Debug\MyExecRefsDll.exe.embed.manifest" /manifest Debug\MyExecRefsDll.exe.intermediate.manifest
         C:\Program Files (x86)\Microsoft SDKs\Windows\v7.0A\bin\rc.exe /nologo /fo"Debug\MyExecRefsDll.exe.embed.manifest.res" Debug\MyExecRefsDll_manifest.rc 
       LinkEmbedManifest:
         C:\Program Files (x86)\Microsoft Visual Studio 10.0\VC\bin\link.exe /ERRORREPORT:PROMPT /OUT:"E:\SRI\straylight_repo\visualStudioWorkspace\Debug\MyExecRefsDll.exe" /INCREMENTAL /NOLOGO kernel32.lib user32.lib gdi32.lib winspool.lib comdlg32.lib advapi32.lib shell32.lib ole32.lib oleaut32.lib uuid.lib odbc32.lib odbccp32.lib /MANIFEST /ManifestFile:"Debug\MyExecRefsDll.exe.intermediate.manifest" /MANIFESTUAC:"level='asInvoker' uiAccess='false'" /DEBUG /PDB:"E:\SRI\straylight_repo\visualStudioWorkspace\Debug\MyExecRefsDll.pdb" /SUBSYSTEM:CONSOLE /TLBID:1 /DYNAMICBASE /NXCOMPAT /IMPLIB:"E:\SRI\straylight_repo\visualStudioWorkspace\Debug\MyExecRefsDll.lib" /MACHINE:X86 Debug\MyExecRefsDll.exe.embed.manifest.res
         Debug\MyExecRefsDll.obj
         Debug\stdafx.obj
         E:\SRI\straylight_repo\visualStudioWorkspace\Debug\MathFuncsDll.lib
         MyExecRefsDll.vcxproj -> E:\SRI\straylight_repo\visualStudioWorkspace\Debug\MyExecRefsDll.exe
       FinalizeBuildStatus:
         Deleting file "Debug\MyExecRefsDll.unsuccessfulbuild".
         Touching "Debug\MyExecRefsDll.lastbuildstate".
     1>Done Building Project "E:\SRI\straylight_repo\visualStudioWorkspace\MyExecRefsDll\MyExecRefsDll.vcxproj" (build target(s)).

Build succeeded.

Time Elapsed 00:00:01.81
