E:\SRI\STRAYLIGHT_REPO\VISUALSTUDIOWORKSPACE\DEBUG\MYEXECREFSDLL.EXE
E:\SRI\STRAYLIGHT_REPO\VISUALSTUDIOWORKSPACE\DEBUG\MYEXECREFSDLL.ILK
E:\SRI\STRAYLIGHT_REPO\VISUALSTUDIOWORKSPACE\DEBUG\MYEXECREFSDLL.PDB
E:\SRI\straylight_repo\visualStudioWorkspace\MyExecRefsDll\Debug\cl.command.1.tlog
E:\SRI\straylight_repo\visualStudioWorkspace\MyExecRefsDll\Debug\CL.read.1.tlog
E:\SRI\straylight_repo\visualStudioWorkspace\MyExecRefsDll\Debug\CL.write.1.tlog
E:\SRI\straylight_repo\visualStudioWorkspace\MyExecRefsDll\Debug\link.12704.read.1.tlog
E:\SRI\straylight_repo\visualStudioWorkspace\MyExecRefsDll\Debug\link.12704.write.1.tlog
E:\SRI\straylight_repo\visualStudioWorkspace\MyExecRefsDll\Debug\link.12704-cvtres.read.1.tlog
E:\SRI\straylight_repo\visualStudioWorkspace\MyExecRefsDll\Debug\link.12704-cvtres.write.1.tlog
E:\SRI\straylight_repo\visualStudioWorkspace\MyExecRefsDll\Debug\link.command.1.tlog
E:\SRI\straylight_repo\visualStudioWorkspace\MyExecRefsDll\Debug\link.read.1.tlog
E:\SRI\straylight_repo\visualStudioWorkspace\MyExecRefsDll\Debug\link.write.1.tlog
E:\SRI\straylight_repo\visualStudioWorkspace\MyExecRefsDll\Debug\link-cvtres.read.1.tlog
E:\SRI\straylight_repo\visualStudioWorkspace\MyExecRefsDll\Debug\link-cvtres.write.1.tlog
E:\SRI\straylight_repo\visualStudioWorkspace\MyExecRefsDll\Debug\mt.command.1.tlog
E:\SRI\straylight_repo\visualStudioWorkspace\MyExecRefsDll\Debug\mt.read.1.tlog
E:\SRI\straylight_repo\visualStudioWorkspace\MyExecRefsDll\Debug\mt.write.1.tlog
E:\SRI\STRAYLIGHT_REPO\VISUALSTUDIOWORKSPACE\MYEXECREFSDLL\DEBUG\MYEXECREFSDLL.EXE.EMBED.MANIFEST
E:\SRI\STRAYLIGHT_REPO\VISUALSTUDIOWORKSPACE\MYEXECREFSDLL\DEBUG\MYEXECREFSDLL.EXE.EMBED.MANIFEST.RES
E:\SRI\STRAYLIGHT_REPO\VISUALSTUDIOWORKSPACE\MYEXECREFSDLL\DEBUG\MYEXECREFSDLL.EXE.INTERMEDIATE.MANIFEST
E:\SRI\STRAYLIGHT_REPO\VISUALSTUDIOWORKSPACE\MYEXECREFSDLL\DEBUG\MYEXECREFSDLL.OBJ
E:\SRI\straylight_repo\visualStudioWorkspace\MyExecRefsDll\Debug\MyExecRefsDll.write.1.tlog
E:\SRI\straylight_repo\visualStudioWorkspace\MyExecRefsDll\Debug\MyExecRefsDll_manifest.rc
E:\SRI\straylight_repo\visualStudioWorkspace\MyExecRefsDll\Debug\rc.command.1.tlog
E:\SRI\straylight_repo\visualStudioWorkspace\MyExecRefsDll\Debug\rc.read.1.tlog
E:\SRI\straylight_repo\visualStudioWorkspace\MyExecRefsDll\Debug\rc.write.1.tlog
E:\SRI\STRAYLIGHT_REPO\VISUALSTUDIOWORKSPACE\MYEXECREFSDLL\DEBUG\STDAFX.OBJ
E:\SRI\straylight_repo\visualStudioWorkspace\MyExecRefsDll\Debug\vc100.idb
E:\SRI\STRAYLIGHT_REPO\VISUALSTUDIOWORKSPACE\MYEXECREFSDLL\DEBUG\VC100.PDB
