#
# A fatal error has been detected by the Java Runtime Environment:
#
#  EXCEPTION_ACCESS_VIOLATION (0xc0000005) at pc=0x1a159c54, pid=6844, tid=2704
#
# JRE version: 7.0_02-b13
# Java VM: Java HotSpot(TM) Client VM (22.0-b10 mixed mode windows-x86 )
# Problematic frame:
# C  [DoubleInputDoubleOutput.dll+0x9c54]
#
# Failed to write core dump. Minidumps are not enabled by default on client versions of Windows
#
# If you would like to submit a bug report, please visit:
#   http://bugreport.sun.com/bugreport/crash.jsp
# The crash happened outside the Java Virtual Machine in native code.
# See problematic frame for where to report the bug.
#

---------------  T H R E A D  ---------------

Current thread (0x19547800):  JavaThread "qtp4719279-13" [_thread_in_native, id=2704, stack(0x19940000,0x19990000)]

siginfo: ExceptionCode=0xc0000005, reading address 0x00000068

Registers:
EAX=0x00000001, EBX=0x1a088e54, ECX=0x00000001, EDX=0x00000001
ESP=0x1998f450, EBP=0x1998f46c, ESI=0x00000000, EDI=0x00000001
EIP=0x1a159c54, EFLAGS=0x00010246

Top of Stack: (sp=0x1998f450)
0x1998f450:   1998f5a0 1998f49c 149a6ef0 cccccccc
0x1998f460:   cccccccc cccccccc cccccccc 1998f484
0x1998f470:   1a1511e8 00000000 1a088e54 00000001
0x1998f480:   1a088e20 1998f5a0 19114ae6 00000000
0x1998f490:   1a088e54 00000001 1a088e20 1998f768
0x1998f4a0:   149a6ef0 149a6ef0 cccccccc 00000000
0x1998f4b0:   cccccccc cccccccc cccccccc cccccccc
0x1998f4c0:   cccccccc cccccccc cccccccc cccccccc 

Instructions: (pc=0x1a159c54)
0x1a159c34:   33 c9 85 ff 76 17 8d 9b 00 00 00 00 8b 04 8b c1
0x1a159c44:   e8 1c 3b c2 7e 02 8b d0 41 3b cf 72 ef 8b 75 08
0x1a159c54:   39 56 68 8d 46 68 89 54 24 14 0f 8d c5 00 00 00
0x1a159c64:   8b 96 94 02 00 00 8d 4c 24 10 51 8b 8e 90 02 00 


Register to memory mapping:

EAX=0x00000001 is an unknown value
EBX=0x1a088e54 is an unknown value
ECX=0x00000001 is an unknown value
EDX=0x00000001 is an unknown value
ESP=0x1998f450 is pointing into the stack for thread: 0x19547800
EBP=0x1998f46c is pointing into the stack for thread: 0x19547800
ESI=0x00000000 is an unknown value
EDI=0x00000001 is an unknown value


Stack: [0x19940000,0x19990000],  sp=0x1998f450,  free space=317k
Native frames: (J=compiled Java code, j=interpreted, Vv=VM code, C=native code)
C  [DoubleInputDoubleOutput.dll+0x9c54]  setTimerCounterCB+0x5514
C  [DoubleInputDoubleOutput.dll+0x11e8]  DoubleInputDoubleOutput_fmiGetReal+0x18
C  [FMUwrapper.dll+0x14ae6]  Straylight::MainFMUwrapper::doOneStep+0x136
C  [JNIinterface.dll+0x11b93]  Java_com_sri_straylight_socketserver_JNIinterface_runStep+0x33
j  com.sri.straylight.socketserver.JNIinterface.runStep()Ljava/lang/String;+0
j  com.sri.straylight.socketserver.SocketHandler$MyWebSocket.onMessage(Ljava/lang/String;)V+35
j  org.eclipse.jetty.websocket.WebSocketConnectionD08$WSFrameHandler.onFrame(BBLorg/eclipse/jetty/io/Buffer;)V+800
j  org.eclipse.jetty.websocket.WebSocketParserD08.parseNext()I+1495
j  org.eclipse.jetty.websocket.WebSocketConnectionD08.handle()Lorg/eclipse/jetty/io/Connection;+36
j  org.eclipse.jetty.io.nio.SelectChannelEndPoint.handle()V+10
j  org.eclipse.jetty.io.nio.SelectChannelEndPoint$1.run()V+4
j  org.eclipse.jetty.util.thread.QueuedThreadPool.runJob(Ljava/lang/Runnable;)V+1
j  org.eclipse.jetty.util.thread.QueuedThreadPool$3.run()V+47
j  java.lang.Thread.run()V+11
v  ~StubRoutines::call_stub
V  [jvm.dll+0x123c0a]
V  [jvm.dll+0x1c9e8e]
V  [jvm.dll+0x123df3]
V  [jvm.dll+0x123e57]
V  [jvm.dll+0xcd90f]
V  [jvm.dll+0x14394f]
V  [jvm.dll+0x1720b9]
C  [msvcr100.dll+0x5c6de]  endthreadex+0x3a
C  [msvcr100.dll+0x5c788]  endthreadex+0xe4
C  [kernel32.dll+0x1339a]  BaseThreadInitThunk+0x12
C  [ntdll.dll+0x39ef2]  RtlInitializeExceptionChain+0x63
C  [ntdll.dll+0x39ec5]  RtlInitializeExceptionChain+0x36

Java frames: (J=compiled Java code, j=interpreted, Vv=VM code)
j  com.sri.straylight.socketserver.JNIinterface.runStep()Ljava/lang/String;+0
j  com.sri.straylight.socketserver.SocketHandler$MyWebSocket.onMessage(Ljava/lang/String;)V+35
j  org.eclipse.jetty.websocket.WebSocketConnectionD08$WSFrameHandler.onFrame(BBLorg/eclipse/jetty/io/Buffer;)V+800
j  org.eclipse.jetty.websocket.WebSocketParserD08.parseNext()I+1495
j  org.eclipse.jetty.websocket.WebSocketConnectionD08.handle()Lorg/eclipse/jetty/io/Connection;+36
j  org.eclipse.jetty.io.nio.SelectChannelEndPoint.handle()V+10
j  org.eclipse.jetty.io.nio.SelectChannelEndPoint$1.run()V+4
j  org.eclipse.jetty.util.thread.QueuedThreadPool.runJob(Ljava/lang/Runnable;)V+1
j  org.eclipse.jetty.util.thread.QueuedThreadPool$3.run()V+47
j  java.lang.Thread.run()V+11
v  ~StubRoutines::call_stub

---------------  P R O C E S S  ---------------

Java Threads: ( => current thread )
  0x19614000 JavaThread "qtp4719279-18 Selector0" [_thread_in_native, id=11944, stack(0x19aa0000,0x19af0000)]
  0x19613800 JavaThread "qtp4719279-17 Selector1" [_thread_in_native, id=9208, stack(0x19390000,0x193e0000)]
  0x19618400 JavaThread "qtp4719279-16 Acceptor1 SelectChannelConnector@0.0.0.0:8081 STARTING" [_thread_blocked, id=5316, stack(0x19cc0000,0x19d10000)]
  0x19617c00 JavaThread "qtp4719279-15" [_thread_blocked, id=9984, stack(0x19c20000,0x19c70000)]
  0x195e2800 JavaThread "qtp4719279-14" [_thread_blocked, id=8148, stack(0x19b50000,0x19ba0000)]
=>0x19547800 JavaThread "qtp4719279-13" [_thread_in_native, id=2704, stack(0x19940000,0x19990000)]
  0x195da800 JavaThread "qtp4719279-12 Acceptor0 SelectChannelConnector@0.0.0.0:8081 STARTING" [_thread_in_native, id=9640, stack(0x199c0000,0x19a10000)]
  0x195dc000 JavaThread "qtp4719279-11" [_thread_blocked, id=11764, stack(0x198c0000,0x19910000)]
  0x00ec7400 JavaThread "Service Thread" daemon [_thread_blocked, id=7468, stack(0x19010000,0x19060000)]
  0x00ec4800 JavaThread "C1 CompilerThread0" daemon [_thread_blocked, id=8248, stack(0x19330000,0x19380000)]
  0x00ebf000 JavaThread "JDWP Command Reader" daemon [_thread_in_native, id=9052, stack(0x19160000,0x191b0000)]
  0x00eb6000 JavaThread "JDWP Event Helper Thread" daemon [_thread_blocked, id=5872, stack(0x18ee0000,0x18f30000)]
  0x00eb2c00 JavaThread "JDWP Transport Listener: dt_socket" daemon [_thread_blocked, id=512, stack(0x18db0000,0x18e00000)]
  0x00ea3800 JavaThread "Attach Listener" daemon [_thread_blocked, id=12168, stack(0x186e0000,0x18730000)]
  0x00ea0400 JavaThread "Signal Dispatcher" daemon [_thread_blocked, id=2672, stack(0x18670000,0x186c0000)]
  0x00e47800 JavaThread "Finalizer" daemon [_thread_blocked, id=9956, stack(0x18550000,0x185a0000)]
  0x00e42000 JavaThread "Reference Handler" daemon [_thread_blocked, id=11588, stack(0x184d0000,0x18520000)]
  0x002cc800 JavaThread "main" [_thread_blocked, id=10508, stack(0x00cd0000,0x00d20000)]

Other Threads:
  0x00e3ec00 VMThread [stack: 0x185e0000,0x18630000] [id=3764]
  0x00ee1400 WatcherThread [stack: 0x19430000,0x19480000] [id=11540]

VM state:not at safepoint (normal execution)

VM Mutex/Monitor currently owned by a thread: None

Heap
 def new generation   total 4928K, used 4629K [0x044b0000, 0x04a00000, 0x09a00000)
  eden space 4416K,  93% used [0x044b0000, 0x048b56f8, 0x04900000)
  from space 512K, 100% used [0x04900000, 0x04980000, 0x04980000)
  to   space 512K,   0% used [0x04980000, 0x04980000, 0x04a00000)
 tenured generation   total 10944K, used 1514K [0x09a00000, 0x0a4b0000, 0x144b0000)
   the space 10944K,  13% used [0x09a00000, 0x09b7aa28, 0x09b7ac00, 0x0a4b0000)
 compacting perm gen  total 12288K, used 5085K [0x144b0000, 0x150b0000, 0x184b0000)
   the space 12288K,  41% used [0x144b0000, 0x149a7738, 0x149a7800, 0x150b0000)
No shared spaces configured.

Code Cache  [0x024b0000, 0x02590000, 0x044b0000)
 total_blobs=307 nmethods=161 adapters=90 free_code_cache=31893Kb largest_free_block=32658880

Dynamic libraries:
0x01080000 - 0x010af000 	C:\Program Files (x86)\Java\jdk1.7.0_02\bin\javaw.exe
0x77db0000 - 0x77f30000 	C:\Windows\SysWOW64\ntdll.dll
0x77850000 - 0x77960000 	C:\Windows\syswow64\kernel32.dll
0x770a0000 - 0x770e6000 	C:\Windows\syswow64\KERNELBASE.dll
0x75ef0000 - 0x75f90000 	C:\Windows\syswow64\ADVAPI32.dll
0x75970000 - 0x75a1c000 	C:\Windows\syswow64\msvcrt.dll
0x75b60000 - 0x75b79000 	C:\Windows\SysWOW64\sechost.dll
0x75f90000 - 0x76080000 	C:\Windows\syswow64\RPCRT4.dll
0x75910000 - 0x75970000 	C:\Windows\syswow64\SspiCli.dll
0x75900000 - 0x7590c000 	C:\Windows\syswow64\CRYPTBASE.dll
0x77680000 - 0x77780000 	C:\Windows\syswow64\USER32.dll
0x75c30000 - 0x75cc0000 	C:\Windows\syswow64\GDI32.dll
0x77670000 - 0x7767a000 	C:\Windows\syswow64\LPK.dll
0x75b80000 - 0x75c1d000 	C:\Windows\syswow64\USP10.dll
0x72b20000 - 0x72cbe000 	C:\Windows\WinSxS\x86_microsoft.windows.common-controls_6595b64144ccf1df_6.0.7601.17514_none_41e6975e2bd6f2b2\COMCTL32.dll
0x77780000 - 0x777d7000 	C:\Windows\syswow64\SHLWAPI.dll
0x777f0000 - 0x77850000 	C:\Windows\system32\IMM32.DLL
0x77360000 - 0x7742c000 	C:\Windows\syswow64\MSCTF.dll
0x78450000 - 0x7850e000 	C:\Program Files (x86)\Java\jdk1.7.0_02\jre\bin\msvcr100.dll
0x6d0c0000 - 0x6d3e8000 	C:\Program Files (x86)\Java\jdk1.7.0_02\jre\bin\client\jvm.dll
0x73a20000 - 0x73a27000 	C:\Windows\system32\WSOCK32.dll
0x75a20000 - 0x75a55000 	C:\Windows\syswow64\WS2_32.dll
0x77d80000 - 0x77d86000 	C:\Windows\syswow64\NSI.dll
0x73840000 - 0x73872000 	C:\Windows\system32\WINMM.dll
0x75c20000 - 0x75c25000 	C:\Windows\syswow64\PSAPI.DLL
0x6d660000 - 0x6d66c000 	C:\Program Files (x86)\Java\jdk1.7.0_02\jre\bin\verify.dll
0x6c710000 - 0x6c730000 	C:\Program Files (x86)\Java\jdk1.7.0_02\jre\bin\java.dll
0x6c7e0000 - 0x6c80a000 	C:\Program Files (x86)\Java\jdk1.7.0_02\jre\bin\jdwp.dll
0x6c8d0000 - 0x6c8d7000 	C:\Program Files (x86)\Java\jdk1.7.0_02\jre\bin\npt.dll
0x6d600000 - 0x6d613000 	C:\Program Files (x86)\Java\jdk1.7.0_02\jre\bin\zip.dll
0x001f0000 - 0x001f8000 	C:\Program Files (x86)\Java\jdk1.7.0_02\jre\bin\dt_socket.dll
0x73280000 - 0x73290000 	C:\Windows\system32\NLAapi.dll
0x73270000 - 0x73280000 	C:\Windows\system32\napinsp.dll
0x73250000 - 0x73262000 	C:\Windows\system32\pnrpnsp.dll
0x73220000 - 0x73244000 	C:\Program Files (x86)\Common Files\Microsoft Shared\Windows Live\WLIDNSP.DLL
0x731f0000 - 0x73215000 	C:\Program Files (x86)\Bonjour\mdnsNSP.dll
0x73500000 - 0x7351c000 	C:\Windows\system32\Iphlpapi.DLL
0x73580000 - 0x73587000 	C:\Windows\system32\WINNSI.DLL
0x735a0000 - 0x735dc000 	C:\Windows\System32\mswsock.dll
0x73410000 - 0x73454000 	C:\Windows\system32\DNSAPI.dll
0x731e0000 - 0x731e8000 	C:\Windows\System32\winrnr.dll
0x731a0000 - 0x731d8000 	C:\Windows\System32\fwpuclnt.dll
0x73190000 - 0x73196000 	C:\Windows\system32\rasadhlp.dll
0x73590000 - 0x73595000 	C:\Windows\System32\wshtcpip.dll
0x6ccb0000 - 0x6ccc4000 	C:\Program Files (x86)\Java\jdk1.7.0_02\jre\bin\net.dll
0x73460000 - 0x73466000 	C:\Windows\System32\wship6.dll
0x6cda0000 - 0x6cdaf000 	C:\Program Files (x86)\Java\jdk1.7.0_02\jre\bin\nio.dll
0x73b10000 - 0x73b26000 	C:\Windows\system32\CRYPTSP.dll
0x73ad0000 - 0x73b0b000 	C:\Windows\system32\rsaenh.dll
0x739f0000 - 0x73a07000 	C:\Windows\system32\USERENV.dll
0x739e0000 - 0x739eb000 	C:\Windows\system32\profapi.dll
0x69b70000 - 0x69b93000 	E:\SRI\straylight_repo\eclipseWorkspace\StrayLight\SocketServer\JNIinterface.dll
0x19100000 - 0x19144000 	E:\SRI\straylight_repo\eclipseWorkspace\StrayLight\SocketServer\FMUwrapper.dll
0x19d10000 - 0x19e83000 	C:\Windows\system32\MSVCR100D.dll
0x19e90000 - 0x19f47000 	C:\Windows\system32\MSVCP100D.dll
0x72ea0000 - 0x72eec000 	C:\Windows\system32\apphelp.dll
0x1a150000 - 0x1a506000 	E:\SRI\straylight_repo\eclipseWorkspace\StrayLight\SocketServer\DoubleInputDoubleOutput\DoubleInputDoubleOutput.dll
0x772e0000 - 0x7735b000 	C:\Windows\syswow64\COMDLG32.dll
0x76310000 - 0x76f5a000 	C:\Windows\syswow64\SHELL32.dll
0x743e0000 - 0x743f1000 	C:\Windows\system32\NETAPI32.dll
0x75830000 - 0x75839000 	C:\Windows\system32\netutils.dll
0x743c0000 - 0x743d9000 	C:\Windows\system32\srvcli.dll
0x743b0000 - 0x743bf000 	C:\Windows\system32\wkscli.dll

VM Arguments:
jvm_args: -agentlib:jdwp=transport=dt_socket,suspend=y,address=localhost:57001 -Dfile.encoding=UTF-8 
java_command: com.sri.straylight.socketserver.Main
Launcher Type: SUN_STANDARD

Environment Variables:
JAVA_HOME=C:\Program Files (x86)\Java\jdk1.7.0_02
CLASSPATH=.;C:\Program Files (x86)\Java\jre6\lib\ext\QTJava.zip
PATH=C:\Program Files (x86)\Java\jdk1.7.0_02\jre\bin;C:\Windows\system32;C:\Windows;C:\Windows\System32\Wbem;C:\Windows\System32\WindowsPowerShell\v1.0\;C:\Program Files (x86)\TortoiseHg\;c:\ant\bin;C:\Program Files\TortoiseSVN\bin;C:\Program Files (x86)\Microsoft SQL Server\100\Tools\Binn\VSShell\Common7\IDE\;C:\Program Files\TortoiseGit\bin;C:\Program Files\Apache Software Foundation\apache-maven-3.0.3\bin;C:\Program Files (x86)\Java\jdk1.7.0_02\bin;C:\Users\raj\AppData\Roaming\Python\Scripts;C:\python\ActiveStatePython27;C:\python\ActiveStatePython27\Scripts;C:\MinGW\bin;C:\Program Files (x86)\Microsoft Visual Studio 10.0\VC\bin;C:\Program Files (x86)\Microsoft Visual Studio 10.0\Common7\IDE
USERNAME=raj
OS=Windows_NT
PROCESSOR_IDENTIFIER=Intel64 Family 6 Model 26 Stepping 4, GenuineIntel



---------------  S Y S T E M  ---------------

OS: Windows 7 , 64 bit Build 7601 Service Pack 1

CPU:total 8 (4 cores per cpu, 2 threads per core) family 6 model 26 stepping 4, cmov, cx8, fxsr, mmx, sse, sse2, sse3, ssse3, sse4.1, sse4.2, popcnt, ht

Memory: 4k page, physical 6282328k(1209832k free), swap 24989136k(19353140k free)

vm_info: Java HotSpot(TM) Client VM (22.0-b10) for windows-x86 JRE (1.7.0_02-b13), built on Nov 17 2011 17:17:32 by "java_re" with unknown MS VC++:1600

time: Wed Feb 08 12:16:05 2012
elapsed time: 17 seconds

