Build started 2/21/2012 9:34:43 AM.
     1>Project "E:\SRI\straylight_repo\visualStudioWorkspace\zlib-1.2.6\contrib\vstudio\vc10\zlibstat.vcxproj" on node 4 (build target(s)).
     1>InitializeBuildStatus:
         Touching "x86\ZlibStatRelease\Tmp\zlibstat.unsuccessfulbuild".
       ClCompile:
         All outputs are up-to-date.
       ResourceCompile:
         All outputs are up-to-date.
       Lib:
         C:\Program Files (x86)\Microsoft Visual Studio 10.0\VC\bin\Lib.exe /OUT:"x86\ZlibStatRelease\zlibstat.lib" ..\..\masmx86\match686.obj ..\..\masmx86\inffas32.obj /NOLOGO x86\ZlibStatRelease\Tmp\zlib.res
         x86\ZlibStatRelease\Tmp\adler32.obj
         x86\ZlibStatRelease\Tmp\compress.obj
         x86\ZlibStatRelease\Tmp\crc32.obj
         x86\ZlibStatRelease\Tmp\deflate.obj
         x86\ZlibStatRelease\Tmp\gzclose.obj
         x86\ZlibStatRelease\Tmp\gzlib.obj
         x86\ZlibStatRelease\Tmp\gzread.obj
         x86\ZlibStatRelease\Tmp\gzwrite.obj
         x86\ZlibStatRelease\Tmp\infback.obj
         x86\ZlibStatRelease\Tmp\inffast.obj
         x86\ZlibStatRelease\Tmp\inflate.obj
         x86\ZlibStatRelease\Tmp\inftrees.obj
         x86\ZlibStatRelease\Tmp\ioapi.obj
         x86\ZlibStatRelease\Tmp\trees.obj
         x86\ZlibStatRelease\Tmp\uncompr.obj
         x86\ZlibStatRelease\Tmp\unzip.obj
         x86\ZlibStatRelease\Tmp\zip.obj
         x86\ZlibStatRelease\Tmp\zutil.obj /MACHINE:X86 /NODEFAULTLIB 
         zlibstat.vcxproj -> E:\SRI\straylight_repo\visualStudioWorkspace\zlib-1.2.6\contrib\vstudio\vc10\x86\ZlibStatRelease\zlibstat.lib
       FinalizeBuildStatus:
         Deleting file "x86\ZlibStatRelease\Tmp\zlibstat.unsuccessfulbuild".
         Touching "x86\ZlibStatRelease\Tmp\zlibstat.lastbuildstate".
     1>Done Building Project "E:\SRI\straylight_repo\visualStudioWorkspace\zlib-1.2.6\contrib\vstudio\vc10\zlibstat.vcxproj" (build target(s)).

Build succeeded.

Time Elapsed 00:00:00.20
