#
# A fatal error has been detected by the Java Runtime Environment:
#
#  EXCEPTION_ACCESS_VIOLATION (0xc0000005) at pc=0x1a0b60d7, pid=7592, tid=8164
#
# JRE version: 7.0_03-b05
# Java VM: Java HotSpot(TM) Client VM (22.1-b02 mixed mode windows-x86 )
# Problematic frame:
# C  [FMUwrapper.dll+0x60d7]
#
# Failed to write core dump. Minidumps are not enabled by default on client versions of Windows
#
# If you would like to submit a bug report, please visit:
#   http://bugreport.sun.com/bugreport/crash.jsp
# The crash happened outside the Java Virtual Machine in native code.
# See problematic frame for where to report the bug.
#

---------------  T H R E A D  ---------------

Current thread (0x0214cc00):  JavaThread "main" [_thread_in_native, id=8164, stack(0x022d0000,0x023d0000)]

siginfo: ExceptionCode=0xc0000005, reading address 0xddddde2d

Registers:
EAX=0xdddddddd, EBX=0x00000000, ECX=0x020e1260, EDX=0xdddddddd
ESP=0x023cef54, EBP=0x023cf074, ESI=0x023cef6c, EDI=0x023cf068
EIP=0x1a0b60d7, EFLAGS=0x00010212

Top of Stack: (sp=0x023cef54)
0x023cef54:   dddddddd dddddddd dddddddd dddddddd
0x023cef64:   dddddddd 00000001 410d50f1 023cf160
0x023cef74:   00000000 00000000 cccccccc cccccccc
0x023cef84:   cccccccc cccccccc cccccccc cccccccc
0x023cef94:   cccccccc cccccccc cccccccc cccccccc
0x023cefa4:   cccccccc cccccccc cccccccc cccccccc
0x023cefb4:   cccccccc cccccccc cccccccc cccccccc
0x023cefc4:   cccccccc cccccccc cccccccc cccccccc 

Instructions: (pc=0x1a0b60d7)
0x1a0b60b7:   ec 83 ec 08 dd 81 88 00 00 00 dd 1c 24 8b 55 ec
0x1a0b60c7:   8b 82 e0 00 00 00 50 8b 4d ec 8b 91 84 00 00 00
0x1a0b60d7:   8b 42 50 ff d0 83 c4 18 3b f4 e8 ea e8 00 00 8b
0x1a0b60e7:   4d ec 89 81 cc 00 00 00 8b 45 ec 8b 4d ec dd 80 


Register to memory mapping:

EAX=0xdddddddd is an unknown value
EBX=0x00000000 is an unknown value
ECX=0x020e1260 is an unknown value
EDX=0xdddddddd is an unknown value
ESP=0x023cef54 is pointing into the stack for thread: 0x0214cc00
EBP=0x023cf074 is pointing into the stack for thread: 0x0214cc00
ESI=0x023cef6c is pointing into the stack for thread: 0x0214cc00
EDI=0x023cf068 is pointing into the stack for thread: 0x0214cc00


Stack: [0x022d0000,0x023d0000],  sp=0x023cef54,  free space=1019k
Native frames: (J=compiled Java code, j=interpreted, Vv=VM code, C=native code)
C  [FMUwrapper.dll+0x60d7]  Straylight::FMUwrapper::doOneStep+0x77
C  [FMUwrapper.dll+0x1509]  getStringXy+0x29
C  [jna7969174921638575034.dll+0xd277]  Java_com_sun_jna_Native_initialize_1ffi_1type+0x3927
C  [jna7969174921638575034.dll+0xce92]  Java_com_sun_jna_Native_initialize_1ffi_1type+0x3542
C  [jna7969174921638575034.dll+0x2dde]
C  [jna7969174921638575034.dll+0x51be]  Java_com_sun_jna_Native_invokePointer+0x2e
j  com.sun.jna.Native.invokePointer(JI[Ljava/lang/Object;)J+0
j  com.sun.jna.Function.invokePointer(I[Ljava/lang/Object;)Lcom/sun/jna/Pointer;+6
j  com.sun.jna.Function.invokeString(I[Ljava/lang/Object;Z)Ljava/lang/String;+3
j  com.sun.jna.Function.invoke([Ljava/lang/Object;Ljava/lang/Class;Z)Ljava/lang/Object;+544
j  com.sun.jna.Function.invoke(Ljava/lang/Class;[Ljava/lang/Object;Ljava/util/Map;)Ljava/lang/Object;+214
j  com.sun.jna.Library$Handler.invoke(Ljava/lang/Object;Ljava/lang/reflect/Method;[Ljava/lang/Object;)Ljava/lang/Object;+341
j  $Proxy0.getStringXy()Ljava/lang/String;+9
j  com.sri.straylight.socketserver.Main.testFMU2()V+11
j  com.sri.straylight.socketserver.Main.main([Ljava/lang/String;)V+6
v  ~StubRoutines::call_stub
V  [jvm.dll+0x123c0a]
V  [jvm.dll+0x1c9e8e]
V  [jvm.dll+0x123c8d]
V  [jvm.dll+0xa92d4]
V  [jvm.dll+0xb3657]
C  [javaw.exe+0x1fe5]
C  [javaw.exe+0xa0cb]
C  [javaw.exe+0xa155]
C  [kernel32.dll+0x1339a]  BaseThreadInitThunk+0x12
C  [ntdll.dll+0x39ef2]  RtlInitializeExceptionChain+0x63
C  [ntdll.dll+0x39ec5]  RtlInitializeExceptionChain+0x36

Java frames: (J=compiled Java code, j=interpreted, Vv=VM code)
j  com.sun.jna.Native.invokePointer(JI[Ljava/lang/Object;)J+0
j  com.sun.jna.Function.invokePointer(I[Ljava/lang/Object;)Lcom/sun/jna/Pointer;+6
j  com.sun.jna.Function.invokeString(I[Ljava/lang/Object;Z)Ljava/lang/String;+3
j  com.sun.jna.Function.invoke([Ljava/lang/Object;Ljava/lang/Class;Z)Ljava/lang/Object;+544
j  com.sun.jna.Function.invoke(Ljava/lang/Class;[Ljava/lang/Object;Ljava/util/Map;)Ljava/lang/Object;+214
j  com.sun.jna.Library$Handler.invoke(Ljava/lang/Object;Ljava/lang/reflect/Method;[Ljava/lang/Object;)Ljava/lang/Object;+341
j  $Proxy0.getStringXy()Ljava/lang/String;+9
j  com.sri.straylight.socketserver.Main.testFMU2()V+11
j  com.sri.straylight.socketserver.Main.main([Ljava/lang/String;)V+6
v  ~StubRoutines::call_stub

---------------  P R O C E S S  ---------------

Java Threads: ( => current thread )
  0x18479800 JavaThread "Service Thread" daemon [_thread_blocked, id=1116, stack(0x199f0000,0x19af0000)]
  0x18477000 JavaThread "C1 CompilerThread0" daemon [_thread_blocked, id=7832, stack(0x18c30000,0x18c80000)]
  0x18469800 JavaThread "JDWP Command Reader" daemon [_thread_in_native, id=7308, stack(0x198d0000,0x199d0000)]
  0x18468400 JavaThread "JDWP Event Helper Thread" daemon [_thread_blocked, id=7256, stack(0x19750000,0x19850000)]
  0x1845b400 JavaThread "JDWP Transport Listener: dt_socket" daemon [_thread_blocked, id=8072, stack(0x195c0000,0x196c0000)]
  0x18453800 JavaThread "Attach Listener" daemon [_thread_blocked, id=6760, stack(0x18e00000,0x18f00000)]
  0x18450400 JavaThread "Signal Dispatcher" daemon [_thread_blocked, id=6528, stack(0x18c90000,0x18d90000)]
  0x183f7c00 JavaThread "Finalizer" daemon [_thread_blocked, id=3088, stack(0x18ab0000,0x18bb0000)]
  0x183f2400 JavaThread "Reference Handler" daemon [_thread_blocked, id=8016, stack(0x18800000,0x18900000)]
=>0x0214cc00 JavaThread "main" [_thread_in_native, id=8164, stack(0x022d0000,0x023d0000)]

Other Threads:
  0x183eec00 VMThread [stack: 0x18640000,0x18690000] [id=3508]
  0x1848b800 WatcherThread [stack: 0x19570000,0x195c0000] [id=5272]

VM state:not at safepoint (normal execution)

VM Mutex/Monitor currently owned by a thread: None

Heap
 def new generation   total 4928K, used 3837K [0x043d0000, 0x04920000, 0x09920000)
  eden space 4416K,  75% used [0x043d0000, 0x0470f760, 0x04820000)
  from space 512K,  99% used [0x04820000, 0x0489ff98, 0x048a0000)
  to   space 512K,   0% used [0x048a0000, 0x048a0000, 0x04920000)
 tenured generation   total 10944K, used 954K [0x09920000, 0x0a3d0000, 0x143d0000)
   the space 10944K,   8% used [0x09920000, 0x09a0e958, 0x09a0ea00, 0x0a3d0000)
 compacting perm gen  total 12288K, used 4435K [0x143d0000, 0x14fd0000, 0x183d0000)
   the space 12288K,  36% used [0x143d0000, 0x14824dc0, 0x14824e00, 0x14fd0000)
No shared spaces configured.

Code Cache  [0x023d0000, 0x024a0000, 0x043d0000)
 total_blobs=281 nmethods=127 adapters=98 free_code_cache=31948Kb largest_free_block=32715392

Dynamic libraries:
0x00360000 - 0x0038f000 	C:\Program Files (x86)\Java\jdk1.7.0_03\bin\javaw.exe
0x77a90000 - 0x77c10000 	C:\Windows\SysWOW64\ntdll.dll
0x76a90000 - 0x76ba0000 	C:\Windows\syswow64\kernel32.dll
0x76ee0000 - 0x76f26000 	C:\Windows\syswow64\KERNELBASE.dll
0x75800000 - 0x758a0000 	C:\Windows\syswow64\ADVAPI32.dll
0x77400000 - 0x774ac000 	C:\Windows\syswow64\msvcrt.dll
0x76d30000 - 0x76d49000 	C:\Windows\SysWOW64\sechost.dll
0x76530000 - 0x76620000 	C:\Windows\syswow64\RPCRT4.dll
0x755f0000 - 0x75650000 	C:\Windows\syswow64\SspiCli.dll
0x755e0000 - 0x755ec000 	C:\Windows\syswow64\CRYPTBASE.dll
0x76790000 - 0x76890000 	C:\Windows\syswow64\USER32.dll
0x76ca0000 - 0x76d30000 	C:\Windows\syswow64\GDI32.dll
0x76d50000 - 0x76d5a000 	C:\Windows\syswow64\LPK.dll
0x76e40000 - 0x76edd000 	C:\Windows\syswow64\USP10.dll
0x723b0000 - 0x7254e000 	C:\Windows\WinSxS\x86_microsoft.windows.common-controls_6595b64144ccf1df_6.0.7601.17514_none_41e6975e2bd6f2b2\COMCTL32.dll
0x770f0000 - 0x77147000 	C:\Windows\syswow64\SHLWAPI.dll
0x76730000 - 0x76790000 	C:\Windows\system32\IMM32.DLL
0x76620000 - 0x766ec000 	C:\Windows\syswow64\MSCTF.dll
0x78360000 - 0x7841e000 	C:\Program Files (x86)\Java\jdk1.7.0_03\jre\bin\msvcr100.dll
0x6d1d0000 - 0x6d4f8000 	C:\Program Files (x86)\Java\jdk1.7.0_03\jre\bin\client\jvm.dll
0x73700000 - 0x73707000 	C:\Windows\system32\WSOCK32.dll
0x766f0000 - 0x76725000 	C:\Windows\syswow64\WS2_32.dll
0x77a60000 - 0x77a66000 	C:\Windows\syswow64\NSI.dll
0x73520000 - 0x73552000 	C:\Windows\system32\WINMM.dll
0x758d0000 - 0x758d5000 	C:\Windows\syswow64\PSAPI.DLL
0x5ad50000 - 0x5ad5c000 	C:\Program Files (x86)\Java\jdk1.7.0_03\jre\bin\verify.dll
0x6c7b0000 - 0x6c7d0000 	C:\Program Files (x86)\Java\jdk1.7.0_03\jre\bin\java.dll
0x6c800000 - 0x6c82a000 	C:\Program Files (x86)\Java\jdk1.7.0_03\jre\bin\jdwp.dll
0x00120000 - 0x00127000 	C:\Program Files (x86)\Java\jdk1.7.0_03\jre\bin\npt.dll
0x6cda0000 - 0x6cdb3000 	C:\Program Files (x86)\Java\jdk1.7.0_03\jre\bin\zip.dll
0x00260000 - 0x00268000 	C:\Program Files (x86)\Java\jdk1.7.0_03\jre\bin\dt_socket.dll
0x72ef0000 - 0x72f00000 	C:\Windows\system32\NLAapi.dll
0x72ee0000 - 0x72ef0000 	C:\Windows\system32\napinsp.dll
0x72ec0000 - 0x72ed2000 	C:\Windows\system32\pnrpnsp.dll
0x72e90000 - 0x72eb4000 	C:\Program Files (x86)\Common Files\Microsoft Shared\Windows Live\WLIDNSP.DLL
0x72e60000 - 0x72e85000 	C:\Program Files (x86)\Bonjour\mdnsNSP.dll
0x73160000 - 0x7317c000 	C:\Windows\system32\Iphlpapi.DLL
0x73150000 - 0x73157000 	C:\Windows\system32\WINNSI.DLL
0x73280000 - 0x732bc000 	C:\Windows\System32\mswsock.dll
0x73050000 - 0x73094000 	C:\Windows\system32\DNSAPI.dll
0x72e50000 - 0x72e58000 	C:\Windows\System32\winrnr.dll
0x72e10000 - 0x72e48000 	C:\Windows\System32\fwpuclnt.dll
0x72e00000 - 0x72e06000 	C:\Windows\system32\rasadhlp.dll
0x73270000 - 0x73275000 	C:\Windows\System32\wshtcpip.dll
0x6cca0000 - 0x6ccb4000 	C:\Program Files (x86)\Java\jdk1.7.0_03\jre\bin\net.dll
0x73110000 - 0x73116000 	C:\Windows\System32\wship6.dll
0x005b0000 - 0x005bf000 	C:\Program Files (x86)\Java\jdk1.7.0_03\jre\bin\nio.dll
0x6ca10000 - 0x6cb52000 	C:\Program Files (x86)\Java\jdk1.7.0_03\jre\bin\awt.dll
0x75650000 - 0x756df000 	C:\Windows\syswow64\OLEAUT32.dll
0x77530000 - 0x7768c000 	C:\Windows\syswow64\ole32.dll
0x737b0000 - 0x737c6000 	C:\Windows\system32\CRYPTSP.dll
0x73770000 - 0x737ab000 	C:\Windows\system32\rsaenh.dll
0x736d0000 - 0x736e7000 	C:\Windows\system32\USERENV.dll
0x736c0000 - 0x736cb000 	C:\Windows\system32\profapi.dll
0x19850000 - 0x198c2000 	C:\Temp\jna\jna7969174921638575034.dll
0x1a0b0000 - 0x1a135000 	E:\SRI\straylight_repo\visualStudioWorkspace\bin\Debug\FMUwrapper.dll
0x1a190000 - 0x1a20d000 	E:\SRI\straylight_repo\visualStudioWorkspace\bin\Debug\expat.dll

VM Arguments:
jvm_args: -agentlib:jdwp=transport=dt_socket,suspend=y,address=localhost:54125 -Xss1m -Dfile.encoding=UTF-8 
java_command: com.sri.straylight.socketserver.Main
Launcher Type: SUN_STANDARD

Environment Variables:
JAVA_HOME=C:\Program Files (x86)\Java\jdk1.7.0_03
CLASSPATH=.;C:\Program Files (x86)\Java\jre6\lib\ext\QTJava.zip
PATH=C:\Program Files (x86)\Java\jdk1.7.0_03\jre\bin;C:\Windows\system32;C:\Windows;C:\Windows\System32\Wbem;C:\Windows\System32\WindowsPowerShell\v1.0\;C:\Program Files (x86)\TortoiseHg\;c:\ant\bin;C:\Program Files\TortoiseSVN\bin;C:\Program Files (x86)\Microsoft SQL Server\100\Tools\Binn\VSShell\Common7\IDE\;C:\Program Files\Apache Software Foundation\apache-maven-3.0.3\bin;C:\Program Files (x86)\Java\jdk1.7.0_03\bin;C:\Program Files\EmEditor;C:\Program Files\TortoiseGit\bin;C:\Users\raj\AppData\Roaming\Python\Scripts;C:\python\ActiveStatePython27;C:\python\ActiveStatePython27\Scripts;C:\MinGW\bin;C:\Program Files (x86)\Microsoft Visual Studio 10.0\VC\bin;C:\Program Files (x86)\Microsoft Visual Studio 10.0\Common7\IDE
USERNAME=raj
OS=Windows_NT
PROCESSOR_IDENTIFIER=Intel64 Family 6 Model 26 Stepping 4, GenuineIntel



---------------  S Y S T E M  ---------------

OS: Windows 7 , 64 bit Build 7601 Service Pack 1

CPU:total 8 (4 cores per cpu, 2 threads per core) family 6 model 26 stepping 4, cmov, cx8, fxsr, mmx, sse, sse2, sse3, ssse3, sse4.1, sse4.2, popcnt, ht

Memory: 4k page, physical 6282328k(827688k free), swap 24989136k(18532312k free)

vm_info: Java HotSpot(TM) Client VM (22.1-b02) for windows-x86 JRE (1.7.0_03-b05), built on Feb  3 2012 20:43:37 by "java_re" with unknown MS VC++:1600

time: Fri Mar 30 11:00:24 2012
elapsed time: 5 seconds

