Build started 2/6/2012 10:10:33 AM.
     1>Project "E:\SRI\straylight_repo\visualStudioWorkspace\ReadFile\ReadFile.vcxproj" on node 2 (build target(s)).
     1>InitializeBuildStatus:
         Touching "Debug\ReadFile.unsuccessfulbuild".
       ClCompile:
         All outputs are up-to-date.
         All outputs are up-to-date.
         C:\Program Files (x86)\Microsoft Visual Studio 10.0\VC\bin\CL.exe /c /ZI /nologo /W3 /WX- /Od /Oy- /D WIN32 /D _DEBUG /D _WINDOWS /D _USRDLL /D READFILE_EXPORTS /D _WINDLL /D _UNICODE /D UNICODE /Gm /EHsc /RTC1 /MDd /GS /fp:precise /Zc:wchar_t /Zc:forScope /Yu"StdAfx.h" /Fp"Debug\ReadFile.pch" /Fo"Debug\\" /Fd"Debug\vc100.pdb" /Gd /TP /analyze- /errorReport:prompt ReadFile.cpp
         ReadFile.cpp
       ManifestResourceCompile:
         All outputs are up-to-date.
       Link:
         C:\Program Files (x86)\Microsoft Visual Studio 10.0\VC\bin\link.exe /ERRORREPORT:PROMPT /OUT:"E:\SRI\straylight_repo\visualStudioWorkspace\Debug\ReadFile.dll" /INCREMENTAL /NOLOGO kernel32.lib user32.lib gdi32.lib winspool.lib comdlg32.lib advapi32.lib shell32.lib ole32.lib oleaut32.lib uuid.lib odbc32.lib odbccp32.lib /MANIFEST /ManifestFile:"Debug\ReadFile.dll.intermediate.manifest" /MANIFESTUAC:"level='asInvoker' uiAccess='false'" /DEBUG /PDB:"E:\SRI\straylight_repo\visualStudioWorkspace\Debug\ReadFile.pdb" /SUBSYSTEM:WINDOWS /TLBID:1 /DYNAMICBASE /NXCOMPAT /IMPLIB:"E:\SRI\straylight_repo\visualStudioWorkspace\Debug\ReadFile.lib" /MACHINE:X86 /DLL Debug\ReadFile.dll.embed.manifest.res
         Debug\dllmain.obj
         Debug\ReadFile.obj
         Debug\stdafx.obj
            Creating library E:\SRI\straylight_repo\visualStudioWorkspace\Debug\ReadFile.lib and object E:\SRI\straylight_repo\visualStudioWorkspace\Debug\ReadFile.exp
       Manifest:
         C:\Program Files (x86)\Microsoft SDKs\Windows\v7.0A\bin\mt.exe /nologo /verbose /out:"Debug\ReadFile.dll.embed.manifest" /manifest Debug\ReadFile.dll.intermediate.manifest
         All outputs are up-to-date.
       LinkEmbedManifest:
         All outputs are up-to-date.
         ReadFile.vcxproj -> E:\SRI\straylight_repo\visualStudioWorkspace\Debug\ReadFile.dll
       FinalizeBuildStatus:
         Deleting file "Debug\ReadFile.unsuccessfulbuild".
         Touching "Debug\ReadFile.lastbuildstate".
     1>Done Building Project "E:\SRI\straylight_repo\visualStudioWorkspace\ReadFile\ReadFile.vcxproj" (build target(s)).

Build succeeded.

Time Elapsed 00:00:00.72
