E:\SRI\STRAYLIGHT_REPO\VISUALSTUDIOWORKSPACE\DEBUG\FMUEXE.EXE
E:\SRI\STRAYLIGHT_REPO\VISUALSTUDIOWORKSPACE\DEBUG\FMUEXE.ILK
E:\SRI\STRAYLIGHT_REPO\VISUALSTUDIOWORKSPACE\DEBUG\FMUEXE.PDB
E:\SRI\straylight_repo\visualStudioWorkspace\FMUexe\Debug\cl.command.1.tlog
E:\SRI\straylight_repo\visualStudioWorkspace\FMUexe\Debug\CL.read.1.tlog
E:\SRI\straylight_repo\visualStudioWorkspace\FMUexe\Debug\CL.write.1.tlog
E:\SRI\STRAYLIGHT_REPO\VISUALSTUDIOWORKSPACE\FMUEXE\DEBUG\FMUEXE.EXE.EMBED.MANIFEST
E:\SRI\STRAYLIGHT_REPO\VISUALSTUDIOWORKSPACE\FMUEXE\DEBUG\FMUEXE.EXE.EMBED.MANIFEST.RES
E:\SRI\STRAYLIGHT_REPO\VISUALSTUDIOWORKSPACE\FMUEXE\DEBUG\FMUEXE.EXE.INTERMEDIATE.MANIFEST
E:\SRI\STRAYLIGHT_REPO\VISUALSTUDIOWORKSPACE\FMUEXE\DEBUG\FMUEXE.OBJ
E:\SRI\STRAYLIGHT_REPO\VISUALSTUDIOWORKSPACE\FMUEXE\DEBUG\FMUEXE.PCH
E:\SRI\straylight_repo\visualStudioWorkspace\FMUexe\Debug\FMUexe.write.1.tlog
E:\SRI\straylight_repo\visualStudioWorkspace\FMUexe\Debug\FMUexe_manifest.rc
E:\SRI\straylight_repo\visualStudioWorkspace\FMUexe\Debug\link.10704.read.1.tlog
E:\SRI\straylight_repo\visualStudioWorkspace\FMUexe\Debug\link.10704.write.1.tlog
E:\SRI\straylight_repo\visualStudioWorkspace\FMUexe\Debug\link.10704-cvtres.read.1.tlog
E:\SRI\straylight_repo\visualStudioWorkspace\FMUexe\Debug\link.10704-cvtres.write.1.tlog
E:\SRI\straylight_repo\visualStudioWorkspace\FMUexe\Debug\link.11232.read.1.tlog
E:\SRI\straylight_repo\visualStudioWorkspace\FMUexe\Debug\link.11232.write.1.tlog
E:\SRI\straylight_repo\visualStudioWorkspace\FMUexe\Debug\link.11232-cvtres.read.1.tlog
E:\SRI\straylight_repo\visualStudioWorkspace\FMUexe\Debug\link.11232-cvtres.write.1.tlog
E:\SRI\straylight_repo\visualStudioWorkspace\FMUexe\Debug\link.command.1.tlog
E:\SRI\straylight_repo\visualStudioWorkspace\FMUexe\Debug\link.read.1.tlog
E:\SRI\straylight_repo\visualStudioWorkspace\FMUexe\Debug\link.write.1.tlog
E:\SRI\straylight_repo\visualStudioWorkspace\FMUexe\Debug\link-cvtres.read.1.tlog
E:\SRI\straylight_repo\visualStudioWorkspace\FMUexe\Debug\link-cvtres.write.1.tlog
E:\SRI\straylight_repo\visualStudioWorkspace\FMUexe\Debug\mt.command.1.tlog
E:\SRI\straylight_repo\visualStudioWorkspace\FMUexe\Debug\mt.read.1.tlog
E:\SRI\straylight_repo\visualStudioWorkspace\FMUexe\Debug\mt.write.1.tlog
E:\SRI\straylight_repo\visualStudioWorkspace\FMUexe\Debug\rc.command.1.tlog
E:\SRI\straylight_repo\visualStudioWorkspace\FMUexe\Debug\rc.read.1.tlog
E:\SRI\straylight_repo\visualStudioWorkspace\FMUexe\Debug\rc.write.1.tlog
E:\SRI\STRAYLIGHT_REPO\VISUALSTUDIOWORKSPACE\FMUEXE\DEBUG\STDAFX.OBJ
E:\SRI\straylight_repo\visualStudioWorkspace\FMUexe\Debug\vc100.idb
E:\SRI\STRAYLIGHT_REPO\VISUALSTUDIOWORKSPACE\FMUEXE\DEBUG\VC100.PDB
