Build started 2/6/2012 6:29:04 AM.
     1>Project "E:\SRI\straylight_repo\visualStudioWorkspace\FMUexe\FMUexe.vcxproj" on node 2 (build target(s)).
     1>InitializeBuildStatus:
         Creating "Debug\FMUexe.unsuccessfulbuild" because "AlwaysCreate" was specified.
       ClCompile:
         All outputs are up-to-date.
         C:\Program Files (x86)\Microsoft Visual Studio 10.0\VC\bin\CL.exe /c /IE:\SRI\straylight_repo\visualStudioWorkspace\FMUloader /ZI /nologo /W3 /WX- /Od /Oy- /D WIN32 /D _DEBUG /D _CONSOLE /D _UNICODE /D UNICODE /Gm /EHsc /RTC1 /MDd /GS /fp:precise /Zc:wchar_t /Zc:forScope /Yu"StdAfx.h" /Fp"Debug\FMUexe.pch" /Fo"Debug\\" /Fd"Debug\vc100.pdb" /Gd /TP /analyze- /errorReport:prompt FMUexe.cpp
         FMUexe.cpp
       ManifestResourceCompile:
         All outputs are up-to-date.
       Link:
         C:\Program Files (x86)\Microsoft Visual Studio 10.0\VC\bin\link.exe /ERRORREPORT:PROMPT /OUT:"E:\SRI\straylight_repo\visualStudioWorkspace\Debug\FMUexe.exe" /INCREMENTAL /NOLOGO kernel32.lib user32.lib gdi32.lib winspool.lib comdlg32.lib advapi32.lib shell32.lib ole32.lib oleaut32.lib uuid.lib odbc32.lib odbccp32.lib /MANIFEST /ManifestFile:"Debug\FMUexe.exe.intermediate.manifest" /MANIFESTUAC:"level='asInvoker' uiAccess='false'" /DEBUG /PDB:"E:\SRI\straylight_repo\visualStudioWorkspace\Debug\FMUexe.pdb" /SUBSYSTEM:CONSOLE /TLBID:1 /DYNAMICBASE /NXCOMPAT /IMPLIB:"E:\SRI\straylight_repo\visualStudioWorkspace\Debug\FMUexe.lib" /MACHINE:X86 Debug\FMUexe.exe.embed.manifest.res
         Debug\FMUexe.obj
         Debug\stdafx.obj
         E:\SRI\straylight_repo\visualStudioWorkspace\Debug\FMUloader.lib
       Manifest:
         C:\Program Files (x86)\Microsoft SDKs\Windows\v7.0A\bin\mt.exe /nologo /verbose /out:"Debug\FMUexe.exe.embed.manifest" /manifest Debug\FMUexe.exe.intermediate.manifest
         All outputs are up-to-date.
       LinkEmbedManifest:
         All outputs are up-to-date.
         FMUexe.vcxproj -> E:\SRI\straylight_repo\visualStudioWorkspace\Debug\FMUexe.exe
       FinalizeBuildStatus:
         Deleting file "Debug\FMUexe.unsuccessfulbuild".
         Touching "Debug\FMUexe.lastbuildstate".
     1>Done Building Project "E:\SRI\straylight_repo\visualStudioWorkspace\FMUexe\FMUexe.vcxproj" (build target(s)).

Build succeeded.

Time Elapsed 00:00:01.03
