Build started 2/6/2012 9:34:40 AM.
     1>Project "E:\SRI\straylight_repo\visualStudioWorkspace\FMUloader\FMUloader.vcxproj" on node 2 (build target(s)).
     1>InitializeBuildStatus:
         Creating "Debug\FMUloader.unsuccessfulbuild" because "AlwaysCreate" was specified.
       ClCompile:
         C:\Program Files (x86)\Microsoft Visual Studio 10.0\VC\bin\CL.exe /c /IE:\SRI\straylight_repo\visualStudioWorkspace\FMUloader\include /I"C:\Program Files (x86)\Java\jdk1.7.0_02\include" /I"C:\Program Files (x86)\Java\jdk1.7.0_02\include\win32" /ZI /nologo /W3 /WX- /Od /Oy- /D WIN32 /D _DEBUG /D _WINDOWS /D _USRDLL /D FMULOADER_EXPORTS /D _WINDLL /D _UNICODE /D UNICODE /Gm /EHsc /RTC1 /MDd /GS /fp:precise /Zc:wchar_t /Zc:forScope /Yc"StdAfx.h" /Fp"Debug\FMUloader.pch" /Fo"Debug\\" /Fd"Debug\vc100.pdb" /Gd /TP /analyze- /errorReport:prompt stdafx.cpp
         stdafx.cpp
         C:\Program Files (x86)\Microsoft Visual Studio 10.0\VC\bin\CL.exe /c /IE:\SRI\straylight_repo\visualStudioWorkspace\FMUloader\include /I"C:\Program Files (x86)\Java\jdk1.7.0_02\include" /I"C:\Program Files (x86)\Java\jdk1.7.0_02\include\win32" /ZI /nologo /W3 /WX- /Od /Oy- /D WIN32 /D _DEBUG /D _WINDOWS /D _USRDLL /D FMULOADER_EXPORTS /D _WINDLL /D _UNICODE /D UNICODE /Gm /EHsc /RTC1 /MDd /GS /fp:precise /Zc:wchar_t /Zc:forScope /Fo"Debug\\" /Fd"Debug\vc100.pdb" /Gd /TP /analyze- /errorReport:prompt dllmain.cpp
         dllmain.cpp
         C:\Program Files (x86)\Microsoft Visual Studio 10.0\VC\bin\CL.exe /c /IE:\SRI\straylight_repo\visualStudioWorkspace\FMUloader\include /I"C:\Program Files (x86)\Java\jdk1.7.0_02\include" /I"C:\Program Files (x86)\Java\jdk1.7.0_02\include\win32" /ZI /nologo /W3 /WX- /Od /Oy- /D WIN32 /D _DEBUG /D _WINDOWS /D _USRDLL /D FMULOADER_EXPORTS /D _WINDLL /D _UNICODE /D UNICODE /Gm /EHsc /RTC1 /MDd /GS /fp:precise /Zc:wchar_t /Zc:forScope /Fo"Debug\\" /Fd"Debug\vc100.pdb" /Gd /TP /analyze- /errorReport:prompt FMUloader.cpp FMUtester.cpp
         FMUtester.cpp
         FMUloader.cpp
     1>e:\sri\straylight_repo\visualstudioworkspace\fmuloader\fmuloader.cpp(39): warning C4101: 'iscopy' : unreferenced local variable
     1>e:\sri\straylight_repo\visualstudioworkspace\fmuloader\fmuloader.cpp(38): warning C4101: 'jb' : unreferenced local variable
     1>e:\sri\straylight_repo\visualstudioworkspace\fmuloader\fmuloader.cpp(40): warning C4101: 'finfo' : unreferenced local variable
     1>e:\sri\straylight_repo\visualstudioworkspace\fmuloader\fmuloader.cpp(111): warning C4996: 'sprintf': This function or variable may be unsafe. Consider using sprintf_s instead. To disable deprecation, use _CRT_SECURE_NO_WARNINGS. See online help for details.
                 c:\program files (x86)\microsoft visual studio 10.0\vc\include\stdio.h(371) : see declaration of 'sprintf'
     1>e:\sri\straylight_repo\visualstudioworkspace\fmuloader\fmuloader.cpp(126): warning C4996: 'sprintf': This function or variable may be unsafe. Consider using sprintf_s instead. To disable deprecation, use _CRT_SECURE_NO_WARNINGS. See online help for details.
                 c:\program files (x86)\microsoft visual studio 10.0\vc\include\stdio.h(371) : see declaration of 'sprintf'
     1>e:\sri\straylight_repo\visualstudioworkspace\fmuloader\fmuloader.cpp(203): warning C4996: 'fopen': This function or variable may be unsafe. Consider using fopen_s instead. To disable deprecation, use _CRT_SECURE_NO_WARNINGS. See online help for details.
                 c:\program files (x86)\microsoft visual studio 10.0\vc\include\stdio.h(234) : see declaration of 'fopen'
     1>e:\sri\straylight_repo\visualstudioworkspace\fmuloader\fmuloader.cpp(205): warning C4996: 'strerror': This function or variable may be unsafe. Consider using strerror_s instead. To disable deprecation, use _CRT_SECURE_NO_WARNINGS. See online help for details.
                 c:\program files (x86)\microsoft visual studio 10.0\vc\include\string.h(157) : see declaration of 'strerror'
     1>e:\sri\straylight_repo\visualstudioworkspace\fmuloader\fmuloader.cpp(275): warning C4101: 'i' : unreferenced local variable
     1>e:\sri\straylight_repo\visualstudioworkspace\fmuloader\fmuloader.cpp(277): warning C4101: 's' : unreferenced local variable
     1>e:\sri\straylight_repo\visualstudioworkspace\fmuloader\fmuloader.cpp(276): warning C4101: 'b' : unreferenced local variable
     1>e:\sri\straylight_repo\visualstudioworkspace\fmuloader\fmuloader.cpp(273): warning C4101: 'k' : unreferenced local variable
     1>e:\sri\straylight_repo\visualstudioworkspace\fmuloader\fmuloader.cpp(280): warning C4101: 'buffer' : unreferenced local variable
         Generating Code...
     1>e:\sri\straylight_repo\visualstudioworkspace\fmuloader\fmuloader.cpp(235): warning C4715: 'Straylight::FMUloader::simulateHelperInit' : not all control paths return a value
         C:\Program Files (x86)\Microsoft Visual Studio 10.0\VC\bin\CL.exe /c /IE:\SRI\straylight_repo\visualStudioWorkspace\FMUloader\include /I"C:\Program Files (x86)\Java\jdk1.7.0_02\include" /I"C:\Program Files (x86)\Java\jdk1.7.0_02\include\win32" /ZI /nologo /W3 /WX- /Od /Oy- /D WIN32 /D _DEBUG /D _WINDOWS /D _USRDLL /D FMULOADER_EXPORTS /D _WINDLL /D _UNICODE /D UNICODE /Gm /EHsc /RTC1 /MDd /GS /fp:precise /Zc:wchar_t /Zc:forScope /Fo"Debug\\" /Fd"Debug\vc100.pdb" /Gd /TC /analyze- /errorReport:prompt include\stack.c include\util.c include\xml_parser_cosim.c mainHelper.c
         mainHelper.c
     1>e:\sri\straylight_repo\visualstudioworkspace\fmuloader\mainhelper.c(75): warning C4996: 'sprintf': This function or variable may be unsafe. Consider using sprintf_s instead. To disable deprecation, use _CRT_SECURE_NO_WARNINGS. See online help for details.
                 c:\program files (x86)\microsoft visual studio 10.0\vc\include\stdio.h(371) : see declaration of 'sprintf'
     1>e:\sri\straylight_repo\visualstudioworkspace\fmuloader\mainhelper.c(294): warning C4996: 'sscanf': This function or variable may be unsafe. Consider using sscanf_s instead. To disable deprecation, use _CRT_SECURE_NO_WARNINGS. See online help for details.
                 c:\program files (x86)\microsoft visual studio 10.0\vc\include\stdio.h(325) : see declaration of 'sscanf'
     1>e:\sri\straylight_repo\visualstudioworkspace\fmuloader\mainhelper.c(299): warning C4996: 'sprintf': This function or variable may be unsafe. Consider using sprintf_s instead. To disable deprecation, use _CRT_SECURE_NO_WARNINGS. See online help for details.
                 c:\program files (x86)\microsoft visual studio 10.0\vc\include\stdio.h(371) : see declaration of 'sprintf'
     1>e:\sri\straylight_repo\visualstudioworkspace\fmuloader\mainhelper.c(334): warning C4996: 'vsprintf': This function or variable may be unsafe. Consider using vsprintf_s instead. To disable deprecation, use _CRT_SECURE_NO_WARNINGS. See online help for details.
                 c:\program files (x86)\microsoft visual studio 10.0\vc\include\stdio.h(371) : see declaration of 'vsprintf'
     1>e:\sri\straylight_repo\visualstudioworkspace\fmuloader\mainhelper.c(337): warning C4996: 'strdup': The POSIX name for this item is deprecated. Instead, use the ISO C++ conformant name: _strdup. See online help for details.
                 c:\program files (x86)\microsoft visual studio 10.0\vc\include\string.h(238) : see declaration of 'strdup'
     1>e:\sri\straylight_repo\visualstudioworkspace\fmuloader\mainhelper.c(408): warning C4996: 'fopen': This function or variable may be unsafe. Consider using fopen_s instead. To disable deprecation, use _CRT_SECURE_NO_WARNINGS. See online help for details.
                 c:\program files (x86)\microsoft visual studio 10.0\vc\include\stdio.h(234) : see declaration of 'fopen'
     1>e:\sri\straylight_repo\visualstudioworkspace\fmuloader\mainhelper.c(410): warning C4996: 'strerror': This function or variable may be unsafe. Consider using strerror_s instead. To disable deprecation, use _CRT_SECURE_NO_WARNINGS. See online help for details.
                 c:\program files (x86)\microsoft visual studio 10.0\vc\include\string.h(157) : see declaration of 'strerror'
     1>e:\sri\straylight_repo\visualstudioworkspace\fmuloader\mainhelper.c(596): warning C4996: 'sprintf': This function or variable may be unsafe. Consider using sprintf_s instead. To disable deprecation, use _CRT_SECURE_NO_WARNINGS. See online help for details.
                 c:\program files (x86)\microsoft visual studio 10.0\vc\include\stdio.h(371) : see declaration of 'sprintf'
     1>e:\sri\straylight_repo\visualstudioworkspace\fmuloader\mainhelper.c(606): warning C4996: 'sprintf': This function or variable may be unsafe. Consider using sprintf_s instead. To disable deprecation, use _CRT_SECURE_NO_WARNINGS. See online help for details.
                 c:\program files (x86)\microsoft visual studio 10.0\vc\include\stdio.h(371) : see declaration of 'sprintf'
         xml_parser_cosim.c
     1>e:\sri\straylight_repo\visualstudioworkspace\fmuloader\include\xml_parser_cosim.c(137): warning C4996: 'sscanf': This function or variable may be unsafe. Consider using sscanf_s instead. To disable deprecation, use _CRT_SECURE_NO_WARNINGS. See online help for details.
                 c:\program files (x86)\microsoft visual studio 10.0\vc\include\stdio.h(325) : see declaration of 'sscanf'
     1>e:\sri\straylight_repo\visualstudioworkspace\fmuloader\include\xml_parser_cosim.c(154): warning C4996: 'sscanf': This function or variable may be unsafe. Consider using sscanf_s instead. To disable deprecation, use _CRT_SECURE_NO_WARNINGS. See online help for details.
                 c:\program files (x86)\microsoft visual studio 10.0\vc\include\stdio.h(325) : see declaration of 'sscanf'
     1>e:\sri\straylight_repo\visualstudioworkspace\fmuloader\include\xml_parser_cosim.c(170): warning C4996: 'sscanf': This function or variable may be unsafe. Consider using sscanf_s instead. To disable deprecation, use _CRT_SECURE_NO_WARNINGS. See online help for details.
                 c:\program files (x86)\microsoft visual studio 10.0\vc\include\stdio.h(325) : see declaration of 'sscanf'
     1>e:\sri\straylight_repo\visualstudioworkspace\fmuloader\include\xml_parser_cosim.c(436): warning C4101: 'declaredType' : unreferenced local variable
     1>e:\sri\straylight_repo\visualstudioworkspace\fmuloader\include\xml_parser_cosim.c(464): warning C4996: 'sscanf': This function or variable may be unsafe. Consider using sscanf_s instead. To disable deprecation, use _CRT_SECURE_NO_WARNINGS. See online help for details.
                 c:\program files (x86)\microsoft visual studio 10.0\vc\include\stdio.h(325) : see declaration of 'sscanf'
     1>e:\sri\straylight_repo\visualstudioworkspace\fmuloader\include\xml_parser_cosim.c(656): warning C4996: 'strdup': The POSIX name for this item is deprecated. Instead, use the ISO C++ conformant name: _strdup. See online help for details.
                 c:\program files (x86)\microsoft visual studio 10.0\vc\include\string.h(238) : see declaration of 'strdup'
     1>e:\sri\straylight_repo\visualstudioworkspace\fmuloader\include\xml_parser_cosim.c(924): warning C4996: 'strdup': The POSIX name for this item is deprecated. Instead, use the ISO C++ conformant name: _strdup. See online help for details.
                 c:\program files (x86)\microsoft visual studio 10.0\vc\include\string.h(238) : see declaration of 'strdup'
     1>e:\sri\straylight_repo\visualstudioworkspace\fmuloader\include\xml_parser_cosim.c(927): warning C4996: 'strncpy': This function or variable may be unsafe. Consider using strncpy_s instead. To disable deprecation, use _CRT_SECURE_NO_WARNINGS. See online help for details.
                 c:\program files (x86)\microsoft visual studio 10.0\vc\include\string.h(188) : see declaration of 'strncpy'
     1>e:\sri\straylight_repo\visualstudioworkspace\fmuloader\include\xml_parser_cosim.c(935): warning C4996: 'strncat': This function or variable may be unsafe. Consider using strncat_s instead. To disable deprecation, use _CRT_SECURE_NO_WARNINGS. See online help for details.
                 c:\program files (x86)\microsoft visual studio 10.0\vc\include\string.h(175) : see declaration of 'strncat'
     1>e:\sri\straylight_repo\visualstudioworkspace\fmuloader\include\xml_parser_cosim.c(1010): warning C4996: 'fopen': This function or variable may be unsafe. Consider using fopen_s instead. To disable deprecation, use _CRT_SECURE_NO_WARNINGS. See online help for details.
                 c:\program files (x86)\microsoft visual studio 10.0\vc\include\stdio.h(234) : see declaration of 'fopen'
     1>e:\sri\straylight_repo\visualstudioworkspace\fmuloader\include\xml_parser_cosim.c(1027): warning C4996: 'strcpy': This function or variable may be unsafe. Consider using strcpy_s instead. To disable deprecation, use _CRT_SECURE_NO_WARNINGS. See online help for details.
                 c:\program files (x86)\microsoft visual studio 10.0\vc\include\string.h(105) : see declaration of 'strcpy'
     1>e:\sri\straylight_repo\visualstudioworkspace\fmuloader\include\xml_parser_cosim.c(1092): warning C4996: 'strcpy': This function or variable may be unsafe. Consider using strcpy_s instead. To disable deprecation, use _CRT_SECURE_NO_WARNINGS. See online help for details.
                 c:\program files (x86)\microsoft visual studio 10.0\vc\include\string.h(105) : see declaration of 'strcpy'
     1>e:\sri\straylight_repo\visualstudioworkspace\fmuloader\include\xml_parser_cosim.c(1094): warning C4996: 'strcpy': This function or variable may be unsafe. Consider using strcpy_s instead. To disable deprecation, use _CRT_SECURE_NO_WARNINGS. See online help for details.
                 c:\program files (x86)\microsoft visual studio 10.0\vc\include\string.h(105) : see declaration of 'strcpy'
     1>e:\sri\straylight_repo\visualstudioworkspace\fmuloader\include\xml_parser_cosim.c(1096): warning C4996: 'strcpy': This function or variable may be unsafe. Consider using strcpy_s instead. To disable deprecation, use _CRT_SECURE_NO_WARNINGS. See online help for details.
                 c:\program files (x86)\microsoft visual studio 10.0\vc\include\string.h(105) : see declaration of 'strcpy'
     1>e:\sri\straylight_repo\visualstudioworkspace\fmuloader\include\xml_parser_cosim.c(1098): warning C4996: 'strcpy': This function or variable may be unsafe. Consider using strcpy_s instead. To disable deprecation, use _CRT_SECURE_NO_WARNINGS. See online help for details.
                 c:\program files (x86)\microsoft visual studio 10.0\vc\include\string.h(105) : see declaration of 'strcpy'
     1>e:\sri\straylight_repo\visualstudioworkspace\fmuloader\include\xml_parser_cosim.c(1100): warning C4996: 'strcpy': This function or variable may be unsafe. Consider using strcpy_s instead. To disable deprecation, use _CRT_SECURE_NO_WARNINGS. See online help for details.
                 c:\program files (x86)\microsoft visual studio 10.0\vc\include\string.h(105) : see declaration of 'strcpy'
     1>e:\sri\straylight_repo\visualstudioworkspace\fmuloader\include\xml_parser_cosim.c(1130): warning C4090: 'function' : different 'const' qualifiers
     1>e:\sri\straylight_repo\visualstudioworkspace\fmuloader\include\xml_parser_cosim.c(1201): warning C4996: 'fopen': This function or variable may be unsafe. Consider using fopen_s instead. To disable deprecation, use _CRT_SECURE_NO_WARNINGS. See online help for details.
                 c:\program files (x86)\microsoft visual studio 10.0\vc\include\stdio.h(234) : see declaration of 'fopen'
         util.c
     1>e:\sri\straylight_repo\visualstudioworkspace\fmuloader\include\util.c(37): warning C4996: 'sprintf': This function or variable may be unsafe. Consider using sprintf_s instead. To disable deprecation, use _CRT_SECURE_NO_WARNINGS. See online help for details.
                 c:\program files (x86)\microsoft visual studio 10.0\vc\include\stdio.h(371) : see declaration of 'sprintf'
     1>e:\sri\straylight_repo\visualstudioworkspace\fmuloader\include\util.c(67): warning C4996: 'sprintf': This function or variable may be unsafe. Consider using sprintf_s instead. To disable deprecation, use _CRT_SECURE_NO_WARNINGS. See online help for details.
                 c:\program files (x86)\microsoft visual studio 10.0\vc\include\stdio.h(371) : see declaration of 'sprintf'
     1>e:\sri\straylight_repo\visualstudioworkspace\fmuloader\include\util.c(69): warning C4996: 'sprintf': This function or variable may be unsafe. Consider using sprintf_s instead. To disable deprecation, use _CRT_SECURE_NO_WARNINGS. See online help for details.
                 c:\program files (x86)\microsoft visual studio 10.0\vc\include\stdio.h(371) : see declaration of 'sprintf'
     1>e:\sri\straylight_repo\visualstudioworkspace\fmuloader\include\util.c(51): warning C4101: 'filenames' : unreferenced local variable
     1>e:\sri\straylight_repo\visualstudioworkspace\fmuloader\include\util.c(96): warning C4996: 'strncpy': This function or variable may be unsafe. Consider using strncpy_s instead. To disable deprecation, use _CRT_SECURE_NO_WARNINGS. See online help for details.
                 c:\program files (x86)\microsoft visual studio 10.0\vc\include\string.h(188) : see declaration of 'strncpy'
     1>e:\sri\straylight_repo\visualstudioworkspace\fmuloader\include\util.c(100): warning C4996: 'strcat': This function or variable may be unsafe. Consider using strcat_s instead. To disable deprecation, use _CRT_SECURE_NO_WARNINGS. See online help for details.
                 c:\program files (x86)\microsoft visual studio 10.0\vc\include\string.h(110) : see declaration of 'strcat'
     1>e:\sri\straylight_repo\visualstudioworkspace\fmuloader\include\util.c(101): warning C4996: 'strcat': This function or variable may be unsafe. Consider using strcat_s instead. To disable deprecation, use _CRT_SECURE_NO_WARNINGS. See online help for details.
                 c:\program files (x86)\microsoft visual studio 10.0\vc\include\string.h(110) : see declaration of 'strcat'
     1>e:\sri\straylight_repo\visualstudioworkspace\fmuloader\include\util.c(122): warning C4028: formal parameter 1 different from declaration
     1>e:\sri\straylight_repo\visualstudioworkspace\fmuloader\include\util.c(149): warning C4996: 'sprintf': This function or variable may be unsafe. Consider using sprintf_s instead. To disable deprecation, use _CRT_SECURE_NO_WARNINGS. See online help for details.
                 c:\program files (x86)\microsoft visual studio 10.0\vc\include\stdio.h(371) : see declaration of 'sprintf'
     1>e:\sri\straylight_repo\visualstudioworkspace\fmuloader\include\util.c(172): warning C4028: formal parameter 1 different from declaration
     1>e:\sri\straylight_repo\visualstudioworkspace\fmuloader\include\util.c(273): warning C4996: 'fopen': This function or variable may be unsafe. Consider using fopen_s instead. To disable deprecation, use _CRT_SECURE_NO_WARNINGS. See online help for details.
                 c:\program files (x86)\microsoft visual studio 10.0\vc\include\stdio.h(234) : see declaration of 'fopen'
     1>e:\sri\straylight_repo\visualstudioworkspace\fmuloader\include\util.c(299): warning C4996: 'sprintf': This function or variable may be unsafe. Consider using sprintf_s instead. To disable deprecation, use _CRT_SECURE_NO_WARNINGS. See online help for details.
                 c:\program files (x86)\microsoft visual studio 10.0\vc\include\stdio.h(371) : see declaration of 'sprintf'
         stack.c
         Generating Code...
       ManifestResourceCompile:
         C:\Program Files (x86)\Microsoft SDKs\Windows\v7.0A\bin\rc.exe /nologo /fo"Debug\FMUloader.dll.embed.manifest.res" Debug\FMUloader_manifest.rc 
       Link:
         C:\Program Files (x86)\Microsoft Visual Studio 10.0\VC\bin\link.exe /ERRORREPORT:PROMPT /OUT:"E:\SRI\straylight_repo\visualStudioWorkspace\Debug\FMUloader.dll" /INCREMENTAL /NOLOGO kernel32.lib user32.lib gdi32.lib winspool.lib comdlg32.lib advapi32.lib shell32.lib ole32.lib oleaut32.lib uuid.lib odbc32.lib odbccp32.lib /MANIFEST /ManifestFile:"Debug\FMUloader.dll.intermediate.manifest" /MANIFESTUAC:"level='asInvoker' uiAccess='false'" /DEBUG /PDB:"E:\SRI\straylight_repo\visualStudioWorkspace\Debug\FMUloader.pdb" /SUBSYSTEM:WINDOWS /TLBID:1 /DYNAMICBASE /NXCOMPAT /IMPLIB:"E:\SRI\straylight_repo\visualStudioWorkspace\Debug\FMUloader.lib" /MACHINE:X86 /DLL Debug\FMUloader.dll.embed.manifest.res
         Debug\dllmain.obj
         Debug\FMUloader.obj
         Debug\FMUtester.obj
         Debug\stack.obj
         Debug\util.obj
         Debug\xml_parser_cosim.obj
         Debug\stdafx.obj
         Debug\mainHelper.obj
         lib\libexpatMT.lib
            Creating library E:\SRI\straylight_repo\visualStudioWorkspace\Debug\FMUloader.lib and object E:\SRI\straylight_repo\visualStudioWorkspace\Debug\FMUloader.exp
     1>LINK : warning LNK4098: defaultlib 'LIBCMT' conflicts with use of other libs; use /NODEFAULTLIB:library
       Manifest:
         C:\Program Files (x86)\Microsoft SDKs\Windows\v7.0A\bin\mt.exe /nologo /verbose /out:"Debug\FMUloader.dll.embed.manifest" /manifest Debug\FMUloader.dll.intermediate.manifest
         C:\Program Files (x86)\Microsoft SDKs\Windows\v7.0A\bin\rc.exe /nologo /fo"Debug\FMUloader.dll.embed.manifest.res" Debug\FMUloader_manifest.rc 
       LinkEmbedManifest:
         C:\Program Files (x86)\Microsoft Visual Studio 10.0\VC\bin\link.exe /ERRORREPORT:PROMPT /OUT:"E:\SRI\straylight_repo\visualStudioWorkspace\Debug\FMUloader.dll" /INCREMENTAL /NOLOGO kernel32.lib user32.lib gdi32.lib winspool.lib comdlg32.lib advapi32.lib shell32.lib ole32.lib oleaut32.lib uuid.lib odbc32.lib odbccp32.lib /MANIFEST /ManifestFile:"Debug\FMUloader.dll.intermediate.manifest" /MANIFESTUAC:"level='asInvoker' uiAccess='false'" /DEBUG /PDB:"E:\SRI\straylight_repo\visualStudioWorkspace\Debug\FMUloader.pdb" /SUBSYSTEM:WINDOWS /TLBID:1 /DYNAMICBASE /NXCOMPAT /IMPLIB:"E:\SRI\straylight_repo\visualStudioWorkspace\Debug\FMUloader.lib" /MACHINE:X86 /DLL Debug\FMUloader.dll.embed.manifest.res
         Debug\dllmain.obj
         Debug\FMUloader.obj
         Debug\FMUtester.obj
         Debug\stack.obj
         Debug\util.obj
         Debug\xml_parser_cosim.obj
         Debug\stdafx.obj
         Debug\mainHelper.obj
         lib\libexpatMT.lib
            Creating library E:\SRI\straylight_repo\visualStudioWorkspace\Debug\FMUloader.lib and object E:\SRI\straylight_repo\visualStudioWorkspace\Debug\FMUloader.exp
     1>LINK : warning LNK4098: defaultlib 'LIBCMT' conflicts with use of other libs; use /NODEFAULTLIB:library
         FMUloader.vcxproj -> E:\SRI\straylight_repo\visualStudioWorkspace\Debug\FMUloader.dll
       FinalizeBuildStatus:
         Deleting file "Debug\FMUloader.unsuccessfulbuild".
         Touching "Debug\FMUloader.lastbuildstate".
     1>Done Building Project "E:\SRI\straylight_repo\visualStudioWorkspace\FMUloader\FMUloader.vcxproj" (build target(s)).

Build succeeded.

Time Elapsed 00:00:07.09
