E:\SRI\STRAYLIGHT_REPO\VISUALSTUDIOWORKSPACE\DEBUG\FMULOADER.DLL
E:\SRI\straylight_repo\visualStudioWorkspace\Debug\FMUloader.exp
E:\SRI\STRAYLIGHT_REPO\VISUALSTUDIOWORKSPACE\DEBUG\FMULOADER.ILK
E:\SRI\straylight_repo\visualStudioWorkspace\Debug\FMUloader.lib
E:\SRI\STRAYLIGHT_REPO\VISUALSTUDIOWORKSPACE\DEBUG\FMULOADER.PDB
E:\SRI\straylight_repo\visualStudioWorkspace\FMUloader\Debug\cl.command.1.tlog
E:\SRI\straylight_repo\visualStudioWorkspace\FMUloader\Debug\CL.read.1.tlog
E:\SRI\straylight_repo\visualStudioWorkspace\FMUloader\Debug\CL.write.1.tlog
E:\SRI\STRAYLIGHT_REPO\VISUALSTUDIOWORKSPACE\FMULOADER\DEBUG\DLLMAIN.OBJ
E:\SRI\STRAYLIGHT_REPO\VISUALSTUDIOWORKSPACE\FMULOADER\DEBUG\FMULOADER.DLL.EMBED.MANIFEST
E:\SRI\STRAYLIGHT_REPO\VISUALSTUDIOWORKSPACE\FMULOADER\DEBUG\FMULOADER.DLL.EMBED.MANIFEST.RES
E:\SRI\STRAYLIGHT_REPO\VISUALSTUDIOWORKSPACE\FMULOADER\DEBUG\FMULOADER.DLL.INTERMEDIATE.MANIFEST
E:\SRI\STRAYLIGHT_REPO\VISUALSTUDIOWORKSPACE\FMULOADER\DEBUG\FMULOADER.OBJ
E:\SRI\STRAYLIGHT_REPO\VISUALSTUDIOWORKSPACE\FMULOADER\DEBUG\FMULOADER.PCH
E:\SRI\straylight_repo\visualStudioWorkspace\FMUloader\Debug\FMUloader.write.1.tlog
E:\SRI\straylight_repo\visualStudioWorkspace\FMUloader\Debug\FMUloader_manifest.rc
E:\SRI\STRAYLIGHT_REPO\VISUALSTUDIOWORKSPACE\FMULOADER\DEBUG\FMUTESTER.OBJ
E:\SRI\straylight_repo\visualStudioWorkspace\FMUloader\Debug\link.2648.read.1.tlog
E:\SRI\straylight_repo\visualStudioWorkspace\FMUloader\Debug\link.2648.write.1.tlog
E:\SRI\straylight_repo\visualStudioWorkspace\FMUloader\Debug\link.2648-cvtres.read.1.tlog
E:\SRI\straylight_repo\visualStudioWorkspace\FMUloader\Debug\link.2648-cvtres.write.1.tlog
E:\SRI\straylight_repo\visualStudioWorkspace\FMUloader\Debug\link.command.1.tlog
E:\SRI\straylight_repo\visualStudioWorkspace\FMUloader\Debug\link.read.1.tlog
E:\SRI\straylight_repo\visualStudioWorkspace\FMUloader\Debug\link.write.1.tlog
E:\SRI\straylight_repo\visualStudioWorkspace\FMUloader\Debug\link-cvtres.read.1.tlog
E:\SRI\straylight_repo\visualStudioWorkspace\FMUloader\Debug\link-cvtres.write.1.tlog
E:\SRI\STRAYLIGHT_REPO\VISUALSTUDIOWORKSPACE\FMULOADER\DEBUG\MAINHELPER.OBJ
E:\SRI\straylight_repo\visualStudioWorkspace\FMUloader\Debug\mt.command.1.tlog
E:\SRI\straylight_repo\visualStudioWorkspace\FMUloader\Debug\mt.read.1.tlog
E:\SRI\straylight_repo\visualStudioWorkspace\FMUloader\Debug\mt.write.1.tlog
E:\SRI\straylight_repo\visualStudioWorkspace\FMUloader\Debug\rc.command.1.tlog
E:\SRI\straylight_repo\visualStudioWorkspace\FMUloader\Debug\rc.read.1.tlog
E:\SRI\straylight_repo\visualStudioWorkspace\FMUloader\Debug\rc.write.1.tlog
E:\SRI\STRAYLIGHT_REPO\VISUALSTUDIOWORKSPACE\FMULOADER\DEBUG\STACK.OBJ
E:\SRI\STRAYLIGHT_REPO\VISUALSTUDIOWORKSPACE\FMULOADER\DEBUG\STDAFX.OBJ
E:\SRI\STRAYLIGHT_REPO\VISUALSTUDIOWORKSPACE\FMULOADER\DEBUG\UTIL.OBJ
E:\SRI\straylight_repo\visualStudioWorkspace\FMUloader\Debug\vc100.idb
E:\SRI\STRAYLIGHT_REPO\VISUALSTUDIOWORKSPACE\FMULOADER\DEBUG\VC100.PDB
E:\SRI\STRAYLIGHT_REPO\VISUALSTUDIOWORKSPACE\FMULOADER\DEBUG\XML_PARSER_COSIM.OBJ
