E:\SRI\STRAYLIGHT_REPO\VISUALSTUDIOWORKSPACE\DEBUG\MATHFUNCSDLL.DLL
E:\SRI\straylight_repo\visualStudioWorkspace\Debug\MathFuncsDll.exp
E:\SRI\STRAYLIGHT_REPO\VISUALSTUDIOWORKSPACE\DEBUG\MATHFUNCSDLL.ILK
E:\SRI\straylight_repo\visualStudioWorkspace\Debug\MathFuncsDll.lib
E:\SRI\STRAYLIGHT_REPO\VISUALSTUDIOWORKSPACE\DEBUG\MATHFUNCSDLL.PDB
E:\SRI\straylight_repo\visualStudioWorkspace\MathFuncsDll\Debug\cl.command.1.tlog
E:\SRI\straylight_repo\visualStudioWorkspace\MathFuncsDll\Debug\CL.read.1.tlog
E:\SRI\straylight_repo\visualStudioWorkspace\MathFuncsDll\Debug\CL.write.1.tlog
E:\SRI\STRAYLIGHT_REPO\VISUALSTUDIOWORKSPACE\MATHFUNCSDLL\DEBUG\DLLMAIN.OBJ
E:\SRI\straylight_repo\visualStudioWorkspace\MathFuncsDll\Debug\link.8000.read.1.tlog
E:\SRI\straylight_repo\visualStudioWorkspace\MathFuncsDll\Debug\link.8000.write.1.tlog
E:\SRI\straylight_repo\visualStudioWorkspace\MathFuncsDll\Debug\link.8000-cvtres.read.1.tlog
E:\SRI\straylight_repo\visualStudioWorkspace\MathFuncsDll\Debug\link.8000-cvtres.write.1.tlog
E:\SRI\straylight_repo\visualStudioWorkspace\MathFuncsDll\Debug\link.command.1.tlog
E:\SRI\straylight_repo\visualStudioWorkspace\MathFuncsDll\Debug\link.read.1.tlog
E:\SRI\straylight_repo\visualStudioWorkspace\MathFuncsDll\Debug\link.write.1.tlog
E:\SRI\straylight_repo\visualStudioWorkspace\MathFuncsDll\Debug\link-cvtres.read.1.tlog
E:\SRI\straylight_repo\visualStudioWorkspace\MathFuncsDll\Debug\link-cvtres.write.1.tlog
E:\SRI\STRAYLIGHT_REPO\VISUALSTUDIOWORKSPACE\MATHFUNCSDLL\DEBUG\MATHFUNCSDLL.DLL.EMBED.MANIFEST
E:\SRI\STRAYLIGHT_REPO\VISUALSTUDIOWORKSPACE\MATHFUNCSDLL\DEBUG\MATHFUNCSDLL.DLL.EMBED.MANIFEST.RES
E:\SRI\STRAYLIGHT_REPO\VISUALSTUDIOWORKSPACE\MATHFUNCSDLL\DEBUG\MATHFUNCSDLL.DLL.INTERMEDIATE.MANIFEST
E:\SRI\STRAYLIGHT_REPO\VISUALSTUDIOWORKSPACE\MATHFUNCSDLL\DEBUG\MATHFUNCSDLL.OBJ
E:\SRI\STRAYLIGHT_REPO\VISUALSTUDIOWORKSPACE\MATHFUNCSDLL\DEBUG\MATHFUNCSDLL.PCH
E:\SRI\straylight_repo\visualStudioWorkspace\MathFuncsDll\Debug\MathFuncsDll.write.1.tlog
E:\SRI\straylight_repo\visualStudioWorkspace\MathFuncsDll\Debug\MathFuncsDll_manifest.rc
E:\SRI\straylight_repo\visualStudioWorkspace\MathFuncsDll\Debug\mt.command.1.tlog
E:\SRI\straylight_repo\visualStudioWorkspace\MathFuncsDll\Debug\mt.read.1.tlog
E:\SRI\straylight_repo\visualStudioWorkspace\MathFuncsDll\Debug\mt.write.1.tlog
E:\SRI\straylight_repo\visualStudioWorkspace\MathFuncsDll\Debug\rc.command.1.tlog
E:\SRI\straylight_repo\visualStudioWorkspace\MathFuncsDll\Debug\rc.read.1.tlog
E:\SRI\straylight_repo\visualStudioWorkspace\MathFuncsDll\Debug\rc.write.1.tlog
E:\SRI\STRAYLIGHT_REPO\VISUALSTUDIOWORKSPACE\MATHFUNCSDLL\DEBUG\STDAFX.OBJ
E:\SRI\straylight_repo\visualStudioWorkspace\MathFuncsDll\Debug\vc100.idb
E:\SRI\STRAYLIGHT_REPO\VISUALSTUDIOWORKSPACE\MATHFUNCSDLL\DEBUG\VC100.PDB
