Build started 2/6/2012 9:34:40 AM.
     1>Project "E:\SRI\straylight_repo\visualStudioWorkspace\MathFuncsDll\MathFuncsDll.vcxproj" on node 3 (build target(s)).
     1>InitializeBuildStatus:
         Creating "Debug\MathFuncsDll.unsuccessfulbuild" because "AlwaysCreate" was specified.
       ClCompile:
         C:\Program Files (x86)\Microsoft Visual Studio 10.0\VC\bin\CL.exe /c /ZI /nologo /W3 /WX- /Od /Oy- /D WIN32 /D _DEBUG /D _WINDOWS /D _USRDLL /D MATHFUNCSDLL_EXPORTS /D _WINDLL /D _UNICODE /D UNICODE /Gm /EHsc /RTC1 /MDd /GS /fp:precise /Zc:wchar_t /Zc:forScope /Yc"StdAfx.h" /Fp"Debug\MathFuncsDll.pch" /Fo"Debug\\" /Fd"Debug\vc100.pdb" /Gd /TP /analyze- /errorReport:prompt stdafx.cpp
         stdafx.cpp
         C:\Program Files (x86)\Microsoft Visual Studio 10.0\VC\bin\CL.exe /c /ZI /nologo /W3 /WX- /Od /Oy- /D WIN32 /D _DEBUG /D _WINDOWS /D _USRDLL /D MATHFUNCSDLL_EXPORTS /D _WINDLL /D _UNICODE /D UNICODE /Gm /EHsc /RTC1 /MDd /GS /fp:precise /Zc:wchar_t /Zc:forScope /Fo"Debug\\" /Fd"Debug\vc100.pdb" /Gd /TP /analyze- /errorReport:prompt dllmain.cpp
         dllmain.cpp
         C:\Program Files (x86)\Microsoft Visual Studio 10.0\VC\bin\CL.exe /c /ZI /nologo /W3 /WX- /Od /Oy- /D WIN32 /D _DEBUG /D _WINDOWS /D _USRDLL /D MATHFUNCSDLL_EXPORTS /D _WINDLL /D _UNICODE /D UNICODE /Gm /EHsc /RTC1 /MDd /GS /fp:precise /Zc:wchar_t /Zc:forScope /Yu"StdAfx.h" /Fp"Debug\MathFuncsDll.pch" /Fo"Debug\\" /Fd"Debug\vc100.pdb" /Gd /TP /analyze- /errorReport:prompt MathFuncsDll.cpp
         MathFuncsDll.cpp
       ManifestResourceCompile:
         C:\Program Files (x86)\Microsoft SDKs\Windows\v7.0A\bin\rc.exe /nologo /fo"Debug\MathFuncsDll.dll.embed.manifest.res" Debug\MathFuncsDll_manifest.rc 
       Link:
         C:\Program Files (x86)\Microsoft Visual Studio 10.0\VC\bin\link.exe /ERRORREPORT:PROMPT /OUT:"E:\SRI\straylight_repo\visualStudioWorkspace\Debug\MathFuncsDll.dll" /INCREMENTAL /NOLOGO kernel32.lib user32.lib gdi32.lib winspool.lib comdlg32.lib advapi32.lib shell32.lib ole32.lib oleaut32.lib uuid.lib odbc32.lib odbccp32.lib /MANIFEST /ManifestFile:"Debug\MathFuncsDll.dll.intermediate.manifest" /MANIFESTUAC:"level='asInvoker' uiAccess='false'" /DEBUG /PDB:"E:\SRI\straylight_repo\visualStudioWorkspace\Debug\MathFuncsDll.pdb" /SUBSYSTEM:WINDOWS /TLBID:1 /DYNAMICBASE /NXCOMPAT /IMPLIB:"E:\SRI\straylight_repo\visualStudioWorkspace\Debug\MathFuncsDll.lib" /MACHINE:X86 /DLL Debug\MathFuncsDll.dll.embed.manifest.res
         Debug\dllmain.obj
         Debug\MathFuncsDll.obj
         Debug\stdafx.obj
            Creating library E:\SRI\straylight_repo\visualStudioWorkspace\Debug\MathFuncsDll.lib and object E:\SRI\straylight_repo\visualStudioWorkspace\Debug\MathFuncsDll.exp
       Manifest:
         C:\Program Files (x86)\Microsoft SDKs\Windows\v7.0A\bin\mt.exe /nologo /verbose /out:"Debug\MathFuncsDll.dll.embed.manifest" /manifest Debug\MathFuncsDll.dll.intermediate.manifest
         C:\Program Files (x86)\Microsoft SDKs\Windows\v7.0A\bin\rc.exe /nologo /fo"Debug\MathFuncsDll.dll.embed.manifest.res" Debug\MathFuncsDll_manifest.rc 
       LinkEmbedManifest:
         C:\Program Files (x86)\Microsoft Visual Studio 10.0\VC\bin\link.exe /ERRORREPORT:PROMPT /OUT:"E:\SRI\straylight_repo\visualStudioWorkspace\Debug\MathFuncsDll.dll" /INCREMENTAL /NOLOGO kernel32.lib user32.lib gdi32.lib winspool.lib comdlg32.lib advapi32.lib shell32.lib ole32.lib oleaut32.lib uuid.lib odbc32.lib odbccp32.lib /MANIFEST /ManifestFile:"Debug\MathFuncsDll.dll.intermediate.manifest" /MANIFESTUAC:"level='asInvoker' uiAccess='false'" /DEBUG /PDB:"E:\SRI\straylight_repo\visualStudioWorkspace\Debug\MathFuncsDll.pdb" /SUBSYSTEM:WINDOWS /TLBID:1 /DYNAMICBASE /NXCOMPAT /IMPLIB:"E:\SRI\straylight_repo\visualStudioWorkspace\Debug\MathFuncsDll.lib" /MACHINE:X86 /DLL Debug\MathFuncsDll.dll.embed.manifest.res
         Debug\dllmain.obj
         Debug\MathFuncsDll.obj
         Debug\stdafx.obj
            Creating library E:\SRI\straylight_repo\visualStudioWorkspace\Debug\MathFuncsDll.lib and object E:\SRI\straylight_repo\visualStudioWorkspace\Debug\MathFuncsDll.exp
         MathFuncsDll.vcxproj -> E:\SRI\straylight_repo\visualStudioWorkspace\Debug\MathFuncsDll.dll
       FinalizeBuildStatus:
         Deleting file "Debug\MathFuncsDll.unsuccessfulbuild".
         Touching "Debug\MathFuncsDll.lastbuildstate".
     1>Done Building Project "E:\SRI\straylight_repo\visualStudioWorkspace\MathFuncsDll\MathFuncsDll.vcxproj" (build target(s)).

Build succeeded.

Time Elapsed 00:00:07.37
